TN:
SF:src\main\channels.cjs
FNF:0
FNH:0
DA:1,1
DA:2,1
DA:3,1
DA:4,1
DA:5,1
DA:6,1
DA:7,1
DA:9,1
LF:8
LH:8
BRDA:1,0,0,3
BRF:1
BRH:1
end_of_record
TN:
SF:src\main\ipc.cjs
FN:5,registerIpcHandlers
FNF:1
FNH:1
FNDA:4,registerIpcHandlers
DA:1,1
DA:2,1
DA:3,1
DA:5,4
DA:6,4
DA:7,4
DA:8,4
DA:9,4
DA:10,4
DA:12,4
DA:13,1
DA:14,1
DA:15,1
DA:16,4
DA:18,4
DA:19,2
DA:20,2
DA:21,2
DA:22,2
DA:23,2
DA:24,2
DA:25,2
DA:26,2
DA:28,2
DA:29,1
DA:30,1
DA:31,1
DA:32,1
DA:33,1
DA:34,4
DA:36,4
DA:37,3
DA:38,3
DA:39,3
DA:40,3
DA:41,3
DA:42,3
DA:43,3
DA:44,3
DA:45,3
DA:47,3
DA:48,1
DA:49,1
DA:51,2
DA:52,2
DA:53,4
DA:55,4
DA:56,2
DA:57,2
DA:59,2
DA:60,1
DA:61,1
DA:62,1
DA:63,1
DA:64,1
DA:65,4
DA:66,4
DA:68,1
DA:69,1
DA:70,1
LF:60
LH:60
BRDA:5,0,0,4
BRDA:6,1,0,0
BRDA:7,2,0,0
BRDA:8,3,0,0
BRDA:9,4,0,0
BRDA:10,5,0,0
BRDA:12,6,0,1
BRDA:18,7,0,2
BRDA:28,8,0,1
BRDA:28,9,0,1
BRDA:36,10,0,3
BRDA:37,11,0,2
BRDA:37,12,0,2
BRDA:37,13,0,1
BRDA:47,14,0,2
BRDA:47,15,0,1
BRDA:49,16,0,2
BRDA:55,17,0,2
BRDA:56,18,0,1
BRDA:56,19,0,1
BRDA:56,20,0,1
BRDA:57,21,0,1
BRDA:57,22,0,1
BRDA:57,23,0,1
BRDA:59,24,0,1
BRF:25
BRH:20
end_of_record
TN:
SF:src\main\menu.cjs
FN:4,sendMenuCommand
FN:9,buildMenuTemplate
FN:17,click
FN:22,click
FN:27,click
FN:33,click
FN:39,click
FN:63,click
FN:73,click
FN:78,click
FN:83,click
FN:102,click
FN:106,click
FN:111,click
FN:120,createAppMenu
FNF:15
FNH:9
FNDA:8,sendMenuCommand
FNDA:2,buildMenuTemplate
FNDA:1,click
FNDA:2,click
FNDA:1,click
FNDA:1,click
FNDA:0,click
FNDA:0,click
FNDA:2,click
FNDA:0,click
FNDA:1,click
FNDA:1,click
FNDA:0,click
FNDA:0,click
FNDA:0,createAppMenu
DA:1,1
DA:2,1
DA:4,8
DA:5,8
DA:6,6
DA:7,6
DA:9,2
DA:10,2
DA:11,2
DA:12,2
DA:13,2
DA:14,2
DA:15,2
DA:16,2
DA:17,2
DA:18,2
DA:19,2
DA:20,2
DA:21,2
DA:22,2
DA:23,2
DA:24,2
DA:25,2
DA:26,2
DA:27,2
DA:28,2
DA:29,2
DA:30,2
DA:31,2
DA:32,2
DA:33,2
DA:34,2
DA:35,2
DA:36,2
DA:37,2
DA:38,2
DA:39,2
DA:40,2
DA:41,2
DA:42,2
DA:43,2
DA:44,2
DA:45,2
DA:46,2
DA:47,2
DA:48,2
DA:49,2
DA:50,2
DA:51,2
DA:52,2
DA:53,2
DA:54,2
DA:55,2
DA:56,2
DA:57,2
DA:58,2
DA:59,2
DA:60,2
DA:61,2
DA:62,2
DA:63,2
DA:64,2
DA:65,2
DA:66,2
DA:67,2
DA:68,2
DA:69,2
DA:70,2
DA:71,2
DA:72,2
DA:73,2
DA:74,2
DA:75,2
DA:76,2
DA:77,2
DA:78,2
DA:79,2
DA:80,2
DA:81,2
DA:82,2
DA:83,2
DA:84,2
DA:85,2
DA:86,2
DA:87,2
DA:88,2
DA:89,2
DA:90,2
DA:91,2
DA:92,2
DA:93,2
DA:94,2
DA:95,2
DA:96,2
DA:97,2
DA:98,2
DA:99,2
DA:100,2
DA:101,2
DA:102,2
DA:103,2
DA:104,2
DA:105,2
DA:106,2
DA:107,2
DA:108,2
DA:109,2
DA:110,2
DA:111,2
DA:112,0
DA:113,0
DA:114,2
DA:115,2
DA:116,2
DA:117,2
DA:118,2
DA:120,0
DA:121,0
DA:122,0
DA:123,0
DA:124,0
DA:125,0
DA:127,1
DA:128,1
DA:129,1
DA:130,1
LF:126
LH:118
BRDA:4,0,0,8
BRDA:5,1,0,2
BRDA:5,2,0,6
BRDA:9,3,0,2
BRDA:45,4,0,0
BRDA:17,5,0,1
BRDA:22,6,0,2
BRDA:27,7,0,1
BRDA:33,8,0,1
BRDA:73,9,0,2
BRDA:83,10,0,1
BRDA:102,11,0,1
BRF:12
BRH:11
end_of_record
TN:
SF:src\main\preload.cjs
FN:4,exposeElectronApi
FN:9,getAppInfo
FN:10,openFile
FN:11,saveFile
FN:12,notify
FN:14,onMenuCommand
FN:15,listener
FNF:7
FNH:7
FNDA:2,exposeElectronApi
FNDA:1,getAppInfo
FNDA:1,openFile
FNDA:1,saveFile
FNDA:1,notify
FNDA:1,onMenuCommand
FNDA:1,listener
DA:1,1
DA:2,1
DA:4,2
DA:5,2
DA:6,2
DA:8,2
DA:9,2
DA:10,2
DA:11,2
DA:12,2
DA:13,2
DA:14,2
DA:15,1
DA:16,1
DA:17,1
DA:18,1
DA:19,2
DA:20,2
DA:22,1
DA:23,1
DA:24,1
DA:25,0
DA:26,1
DA:27,0
DA:28,0
DA:30,1
DA:31,1
DA:32,1
LF:28
LH:25
BRDA:23,0,0,0
BRDA:24,1,0,0
BRDA:26,2,0,0
BRDA:4,3,0,2
BRDA:5,4,0,0
BRDA:6,5,0,0
BRDA:9,6,0,1
BRDA:10,7,0,1
BRDA:11,8,0,1
BRDA:12,9,0,1
BRDA:14,10,0,1
BRDA:15,11,0,1
BRDA:17,12,0,1
BRF:13
BRH:8
end_of_record
TN:
SF:src\main\windowLifecycle.cjs
FN:1,wireWindowStatePersistence
FN:7,persistBounds
FNF:2
FNH:2
FNDA:2,wireWindowStatePersistence
FNDA:6,persistBounds
DA:1,2
DA:2,2
DA:3,2
DA:4,2
DA:5,2
DA:7,2
DA:8,6
DA:9,6
DA:10,3
DA:11,2
DA:13,2
DA:14,2
DA:15,2
DA:16,2
DA:18,1
DA:19,1
DA:20,1
LF:17
LH:17
BRDA:1,0,0,2
BRDA:7,1,0,6
BRDA:8,2,0,1
BRDA:8,3,0,5
BRDA:9,4,0,4
BRDA:9,5,0,2
BRDA:9,6,0,3
BRF:7
BRH:7
end_of_record
