SF:lib/providers/auth_provider.dart
DA:5,3
DA:7,1
DA:10,3
DA:13,0
DA:14,0
DA:18,2
DA:19,1
DA:20,2
LF:8
LH:6
end_of_record
SF:lib/models/auth_state.dart
DA:4,1
DA:6,1
DA:7,1
DA:8,0
LF:4
LH:3
end_of_record
SF:lib/app.dart
DA:5,1
DA:7,1
DA:9,1
DA:12,1
DA:13,1
LF:5
LH:5
end_of_record
SF:lib/router/app_router.dart
DA:24,4
DA:25,4
DA:28,4
DA:30,4
DA:31,8
DA:32,4
DA:34,0
DA:35,4
DA:36,0
DA:39,4
DA:40,3
DA:42,3
DA:43,6
DA:44,0
DA:46,0
DA:48,0
DA:54,4
DA:56,4
DA:58,1
DA:59,4
DA:61,1
DA:62,4
DA:64,1
DA:67,4
DA:69,1
DA:70,4
DA:72,1
DA:73,4
DA:75,1
DA:76,4
DA:78,2
DA:79,4
DA:80,1
DA:83,5
DA:84,5
DA:85,6
DA:86,5
DA:92,0
LF:38
LH:32
end_of_record
SF:lib/models/User.dart
DA:6,0
DA:14,0
DA:15,0
DA:16,0
DA:17,0
DA:18,0
DA:24,0
DA:25,0
DA:26,0
DA:27,0
DA:28,0
LF:11
LH:0
end_of_record
SF:lib/pages/caregiver_dashboard.dart
DA:10,5
DA:12,3
DA:14,3
DA:16,3
DA:26,3
DA:27,3
DA:28,3
DA:29,3
DA:32,6
DA:33,6
DA:35,3
DA:36,3
DA:37,3
DA:40,9
DA:45,3
DA:46,3
DA:48,3
DA:49,12
DA:50,15
DA:57,3
DA:59,6
DA:63,3
DA:65,3
DA:66,3
DA:67,3
DA:96,3
DA:97,3
DA:98,3
DA:99,3
DA:101,3
DA:103,6
DA:110,3
DA:111,3
DA:113,3
DA:127,3
DA:128,3
DA:129,3
DA:130,3
DA:133,0
DA:137,3
DA:138,3
DA:141,0
DA:150,3
DA:151,3
DA:152,9
DA:154,12
DA:159,3
DA:162,3
DA:163,6
DA:164,3
DA:165,6
DA:167,3
DA:168,3
DA:169,3
DA:170,3
DA:171,3
DA:172,3
DA:173,0
DA:175,3
DA:176,3
DA:177,3
DA:178,3
DA:180,3
DA:181,3
DA:182,3
DA:183,3
DA:184,12
DA:186,3
DA:190,18
DA:195,3
DA:197,0
DA:198,9
DA:222,3
DA:229,3
DA:231,3
DA:232,3
DA:234,3
DA:235,3
DA:236,3
DA:237,9
DA:239,21
DA:243,15
DA:254,3
DA:256,3
DA:258,3
DA:259,3
DA:260,3
DA:261,3
DA:262,3
DA:264,3
DA:265,6
DA:266,3
DA:267,6
DA:269,3
DA:270,3
DA:271,12
DA:273,15
LF:97
LH:93
end_of_record
SF:lib/widgets/ui/app_alert.dart
DA:9,0
DA:15,5
DA:16,5
DA:17,5
DA:19,4
DA:21,4
DA:22,4
DA:29,4
DA:30,4
DA:31,8
DA:32,8
DA:33,4
DA:36,3
DA:42,3
DA:45,3
DA:50,4
DA:52,4
DA:54,4
DA:55,4
DA:57,4
DA:59,4
DA:60,4
DA:62,4
DA:63,4
DA:64,12
DA:65,4
LF:26
LH:25
end_of_record
SF:lib/widgets/ui/app_badge.dart
DA:9,0
DA:15,0
DA:18,0
DA:21,5
DA:24,3
DA:26,3
DA:27,3
DA:32,3
DA:33,3
DA:37,3
DA:41,3
DA:42,3
DA:47,3
DA:49,3
DA:51,3
DA:53,3
DA:54,6
LF:17
LH:14
end_of_record
SF:lib/widgets/ui/app_card.dart
DA:9,15
DA:16,15
DA:18,15
DA:19,15
DA:21,15
DA:22,15
DA:23,15
DA:24,15
DA:25,30
DA:26,15
DA:28,15
DA:31,15
DA:33,4
DA:35,4
DA:36,4
DA:37,4
LF:16
LH:16
end_of_record
SF:lib/widgets/navigation/header_voice_button.dart
DA:9,5
DA:14,16
DA:15,16
DA:21,1
DA:22,3
DA:24,1
DA:25,1
DA:29,1
DA:30,1
DA:35,1
DA:36,1
DA:37,1
DA:45,16
DA:47,16
DA:48,16
DA:50,48
DA:52,18
DA:53,18
DA:54,14
DA:56,16
DA:57,16
DA:58,16
DA:59,16
DA:60,0
DA:61,16
DA:62,2
DA:63,2
DA:65,16
DA:68,16
DA:69,5
DA:70,16
DA:71,16
DA:74,16
DA:76,16
DA:77,16
DA:79,16
DA:80,16
DA:96,1
DA:101,1
DA:102,1
DA:108,1
DA:109,3
DA:110,1
DA:111,1
DA:114,1
DA:116,1
DA:117,1
DA:118,3
DA:120,1
DA:122,1
DA:124,1
DA:125,1
DA:130,1
DA:132,2
DA:133,1
DA:134,3
DA:140,1
DA:142,1
DA:144,1
DA:147,1
DA:148,1
DA:149,1
DA:154,1
DA:156,1
DA:157,1
DA:158,1
DA:160,1
DA:161,1
DA:162,2
DA:163,3
DA:166,1
DA:167,2
DA:168,4
DA:174,1
DA:175,0
DA:176,1
DA:177,1
DA:180,1
DA:181,1
DA:182,1
DA:183,2
DA:185,2
DA:194,1
DA:197,1
DA:198,1
DA:199,1
DA:200,2
DA:202,1
DA:204,1
DA:205,1
DA:206,2
DA:207,3
DA:210,1
DA:212,4
DA:220,1
DA:223,1
DA:224,5
DA:225,2
DA:226,2
DA:227,1
DA:228,1
DA:229,1
DA:230,2
DA:235,1
DA:238,1
DA:239,0
DA:240,1
DA:241,2
DA:242,2
DA:263,16
DA:270,16
DA:271,16
DA:278,1
DA:280,1
DA:282,3
DA:283,1
DA:284,4
DA:285,4
DA:289,1
DA:290,1
DA:292,2
DA:293,1
DA:294,1
DA:295,1
DA:297,3
DA:298,1
DA:300,1
DA:302,1
DA:303,1
DA:305,2
DA:308,1
DA:309,1
DA:314,1
DA:316,1
DA:318,1
DA:320,1
DA:322,1
DA:323,1
DA:324,1
DA:325,2
DA:326,1
DA:327,1
DA:330,1
DA:334,2
DA:345,2
DA:346,2
DA:349,16
DA:350,17
DA:351,16
DA:354,16
DA:356,16
DA:357,16
DA:360,16
DA:362,64
DA:370,16
DA:375,1
DA:377,1
DA:378,1
DA:380,1
DA:383,1
DA:384,1
DA:386,3
DA:389,1
DA:391,4
DA:394,1
DA:396,1
DA:399,2
DA:400,1
DA:403,1
DA:405,1
DA:408,1
DA:409,1
DA:424,1
DA:433,1
DA:435,1
DA:437,1
DA:438,1
DA:439,1
DA:440,1
DA:442,1
DA:443,1
DA:444,1
DA:445,2
DA:447,1
DA:448,1
DA:449,3
DA:451,1
DA:452,1
DA:455,1
DA:456,1
DA:457,1
DA:458,3
DA:461,1
DA:462,1
DA:463,4
LF:195
LH:192
end_of_record
SF:lib/pages/emergency_page.dart
DA:9,5
DA:11,4
DA:12,4
DA:25,1
DA:26,1
DA:28,1
DA:29,1
DA:31,2
DA:32,4
DA:33,1
DA:34,3
DA:35,1
DA:41,1
DA:42,3
DA:44,3
DA:49,0
DA:50,0
DA:51,0
DA:55,4
DA:57,4
DA:58,4
DA:60,4
DA:61,4
DA:62,4
DA:63,4
DA:65,4
DA:66,4
DA:69,4
DA:70,4
DA:71,4
DA:73,0
DA:75,0
DA:76,0
DA:78,0
DA:97,4
DA:99,8
DA:103,4
DA:105,4
DA:106,4
DA:107,4
DA:108,5
DA:109,1
DA:111,1
DA:112,1
DA:113,2
DA:114,1
DA:115,3
DA:118,1
DA:119,1
DA:120,2
DA:122,1
DA:124,3
DA:126,1
DA:131,1
DA:133,3
DA:135,1
DA:147,4
DA:149,4
DA:150,4
DA:151,4
DA:153,12
DA:157,4
DA:159,16
DA:163,4
DA:166,4
DA:167,8
DA:168,4
DA:169,4
DA:175,4
DA:177,4
DA:182,4
DA:184,8
DA:194,4
DA:197,4
DA:199,4
DA:201,4
DA:202,8
DA:204,4
DA:205,4
DA:207,4
DA:208,16
DA:210,4
DA:212,16
DA:215,4
DA:217,12
DA:229,4
DA:232,16
DA:233,4
DA:235,8
DA:236,4
DA:238,4
DA:239,4
DA:240,4
DA:243,4
DA:244,4
DA:247,4
DA:248,8
DA:254,4
DA:255,4
DA:257,4
DA:258,20
DA:260,24
DA:262,4
DA:263,4
DA:264,12
DA:265,4
DA:272,4
DA:273,8
DA:274,0
DA:276,4
DA:280,8
DA:289,4
DA:292,4
DA:294,4
DA:295,4
DA:296,8
DA:297,4
DA:298,12
DA:301,4
DA:303,4
DA:304,16
DA:306,20
DA:308,20
DA:310,20
DA:312,20
DA:332,5
DA:343,1
DA:348,1
DA:350,1
DA:351,1
DA:353,1
DA:354,1
DA:356,2
DA:357,1
DA:359,1
DA:361,1
DA:363,1
DA:365,1
DA:366,1
DA:367,1
DA:368,1
DA:370,3
DA:373,1
DA:374,1
DA:375,1
DA:386,1
DA:387,1
DA:388,1
DA:389,1
DA:390,1
DA:393,1
DA:394,2
DA:395,1
DA:396,3
DA:398,1
DA:400,1
DA:401,2
DA:403,1
DA:404,1
DA:406,3
DA:408,1
DA:417,1
DA:419,1
DA:421,4
DA:426,1
DA:428,1
DA:433,3
DA:434,1
DA:447,1
DA:448,1
DA:449,1
DA:450,1
DA:452,1
DA:458,1
DA:459,1
DA:461,1
LF:176
LH:168
end_of_record
SF:lib/widgets/ui/app_button.dart
DA:12,15
DA:21,14
DA:23,14
DA:24,14
DA:30,14
DA:31,14
DA:32,12
DA:34,12
DA:36,9
DA:37,9
DA:38,9
DA:39,9
DA:41,1
DA:42,1
DA:44,1
DA:62,14
DA:65,14
DA:66,24
DA:67,30
DA:71,14
DA:72,14
DA:73,14
DA:80,14
DA:88,14
DA:89,14
DA:90,14
DA:93,28
DA:96,14
DA:97,14
DA:98,14
DA:104,24
LF:31
LH:31
end_of_record
SF:lib/pages/forgot_password_page.dart
DA:11,5
DA:13,0
DA:14,0
DA:23,0
DA:25,0
DA:26,0
DA:27,0
DA:30,0
DA:31,0
DA:32,0
DA:34,0
DA:36,0
DA:37,0
DA:38,0
DA:39,0
DA:40,0
DA:41,0
DA:43,0
DA:47,0
DA:49,0
DA:51,0
DA:52,0
DA:53,0
DA:54,0
DA:56,0
DA:58,0
DA:59,0
DA:63,0
DA:65,0
DA:66,0
DA:67,0
DA:68,0
DA:71,0
DA:72,0
DA:73,0
DA:75,0
DA:77,0
DA:80,0
DA:83,0
DA:88,0
DA:90,0
DA:105,0
DA:106,0
DA:108,0
DA:109,0
DA:111,0
DA:112,0
DA:114,0
DA:118,0
DA:122,0
DA:126,0
DA:131,0
DA:132,0
DA:133,0
DA:134,0
DA:136,0
DA:141,0
DA:142,0
DA:144,0
DA:164,0
DA:166,0
DA:168,0
DA:169,0
DA:170,0
DA:172,0
DA:173,0
DA:174,0
DA:176,0
DA:178,0
DA:179,0
DA:180,0
DA:181,0
DA:183,0
DA:185,0
DA:187,0
DA:188,0
DA:189,0
DA:190,0
DA:191,0
DA:195,0
LF:80
LH:1
end_of_record
SF:lib/widgets/ui/app_input.dart
DA:17,8
DA:32,8
DA:34,8
DA:36,8
DA:38,8
DA:39,15
DA:40,7
DA:41,7
DA:42,21
DA:47,8
DA:48,8
DA:49,8
DA:50,8
DA:51,8
DA:52,8
DA:53,8
DA:54,8
DA:55,8
DA:56,8
DA:57,8
DA:58,8
DA:60,16
DA:62,8
DA:63,8
DA:64,16
DA:66,8
DA:67,8
DA:68,24
LF:28
LH:28
end_of_record
SF:lib/widgets/ui/app_logo.dart
DA:9,5
DA:15,14
DA:16,7
DA:17,7
DA:18,7
DA:21,14
DA:22,7
DA:23,7
DA:24,7
DA:27,7
DA:28,14
DA:29,7
DA:30,7
DA:31,7
DA:32,21
DA:36,7
DA:37,14
DA:38,7
DA:39,7
DA:40,7
DA:41,42
DA:45,7
DA:47,7
DA:48,7
DA:50,7
DA:52,7
DA:53,7
DA:55,7
DA:56,7
DA:58,7
DA:59,7
DA:62,14
DA:64,14
DA:65,14
DA:68,14
DA:70,7
DA:72,7
DA:75,7
LF:38
LH:38
end_of_record
SF:lib/pages/login_page.dart
DA:14,5
DA:16,7
DA:17,7
DA:27,0
DA:28,0
DA:30,0
DA:32,0
DA:64,0
DA:65,0
DA:66,0
DA:67,0
DA:70,0
DA:71,0
DA:73,0
DA:74,0
DA:80,0
DA:85,0
DA:89,0
DA:91,0
DA:92,0
DA:95,0
DA:96,0
DA:97,0
DA:101,0
DA:102,0
DA:103,0
DA:104,0
DA:105,0
DA:108,7
DA:110,14
DA:111,14
DA:112,7
DA:115,7
DA:117,7
DA:119,7
DA:120,7
DA:121,7
DA:122,7
DA:124,7
DA:126,7
DA:127,7
DA:134,7
DA:136,7
DA:137,14
DA:138,7
DA:139,14
DA:144,7
DA:145,7
DA:146,7
DA:147,14
DA:148,7
DA:150,7
DA:151,14
DA:152,14
DA:154,7
DA:157,7
DA:161,7
DA:164,7
DA:165,7
DA:166,7
DA:167,0
DA:168,0
DA:169,14
DA:173,0
DA:175,7
DA:177,7
DA:178,2
DA:182,14
DA:183,0
DA:186,7
DA:192,7
DA:195,7
DA:199,7
DA:200,7
DA:201,14
DA:202,14
DA:203,7
DA:204,7
DA:207,2
DA:217,7
DA:219,7
DA:220,14
DA:221,7
DA:222,14
DA:224,7
DA:225,7
DA:226,7
DA:227,14
DA:228,7
DA:230,7
DA:231,14
DA:232,14
DA:234,7
DA:237,0
DA:240,7
DA:243,0
DA:250,7
DA:253,0
DA:272,7
DA:275,7
DA:277,7
DA:278,7
DA:279,7
DA:280,7
DA:281,7
DA:284,7
DA:285,14
DA:286,7
DA:287,14
DA:289,7
DA:291,7
DA:292,14
DA:293,14
DA:294,7
DA:296,14
DA:297,14
DA:298,14
LF:117
LH:85
end_of_record
SF:lib/services/database_helper.dart
DA:8,0
DA:11,0
DA:15,0
DA:17,0
DA:22,0
DA:23,0
DA:24,0
DA:26,0
DA:29,0
DA:34,0
DA:35,0
DA:44,0
DA:51,0
DA:52,0
DA:54,0
DA:57,0
DA:60,0
DA:61,0
DA:68,0
DA:69,0
DA:70,0
LF:21
LH:0
end_of_record
SF:lib/pages/medications_page.dart
DA:9,5
DA:11,4
DA:12,4
DA:18,4
DA:20,4
DA:21,8
DA:22,4
DA:23,4
DA:24,4
DA:28,1
DA:29,2
DA:30,5
DA:31,7
DA:35,4
DA:37,4
DA:38,4
DA:40,4
DA:41,4
DA:42,4
DA:43,4
DA:45,4
DA:46,4
DA:47,4
DA:49,0
DA:54,12
DA:57,4
DA:59,4
DA:60,4
DA:61,4
DA:62,16
DA:65,8
DA:66,4
DA:68,4
DA:69,4
DA:70,4
DA:73,4
DA:74,4
DA:75,4
DA:76,4
DA:84,4
DA:85,4
DA:87,4
DA:88,20
DA:90,24
DA:92,4
DA:93,4
DA:94,8
DA:96,24
DA:105,4
DA:106,4
DA:108,4
DA:110,4
DA:115,4
DA:117,3
DA:142,4
DA:150,1
DA:151,1
DA:152,1
DA:153,1
DA:154,1
DA:155,1
DA:156,0
LF:62
LH:60
end_of_record
SF:lib/pages/messages_page.dart
DA:10,5
DA:12,3
DA:13,3
DA:53,15
DA:55,0
DA:56,0
DA:59,0
DA:61,0
DA:66,3
DA:68,6
DA:69,3
DA:72,3
DA:74,3
DA:75,3
DA:77,3
DA:78,3
DA:79,3
DA:80,3
DA:82,3
DA:83,3
DA:86,3
DA:87,3
DA:88,3
DA:90,0
DA:94,3
DA:96,9
DA:105,3
DA:107,6
DA:111,3
DA:113,3
DA:114,3
DA:115,3
DA:117,6
DA:118,3
DA:120,0
DA:123,3
DA:125,3
DA:127,3
DA:130,3
DA:131,3
DA:135,3
DA:136,15
DA:142,3
DA:143,3
DA:145,3
DA:146,15
DA:148,18
DA:150,18
DA:156,3
DA:158,3
DA:159,18
DA:161,6
DA:162,3
DA:165,3
DA:166,3
DA:170,3
DA:171,6
DA:183,3
DA:186,3
DA:188,3
DA:190,3
DA:191,3
DA:193,9
DA:196,6
DA:199,3
DA:201,3
DA:203,6
DA:204,3
DA:205,3
DA:206,6
DA:207,6
DA:209,3
DA:211,3
DA:212,3
DA:213,3
DA:214,12
DA:216,3
DA:218,3
DA:219,6
DA:220,3
DA:221,6
DA:223,3
DA:225,3
DA:226,3
DA:227,3
DA:228,9
DA:229,3
DA:234,3
DA:235,3
DA:236,9
DA:237,6
DA:251,6
DA:255,3
DA:256,3
DA:257,3
DA:258,3
DA:260,3
DA:261,0
DA:262,0
DA:266,3
DA:268,3
DA:295,5
DA:311,5
LF:103
LH:95
end_of_record
SF:lib/pages/patient_checkin_page.dart
DA:10,5
DA:12,2
DA:13,2
DA:28,2
DA:30,4
DA:31,2
DA:34,0
DA:35,0
DA:36,0
DA:39,2
DA:41,2
DA:43,2
DA:44,2
DA:45,2
DA:46,2
DA:48,4
DA:49,4
DA:50,2
DA:52,0
DA:57,6
DA:60,2
DA:62,2
DA:63,2
DA:64,2
DA:65,2
DA:67,2
DA:68,2
DA:69,10
DA:72,2
DA:74,2
DA:75,10
DA:79,2
DA:80,2
DA:81,4
DA:82,2
DA:83,2
DA:86,4
DA:87,0
DA:90,8
DA:97,2
DA:99,2
DA:100,10
DA:104,2
DA:105,2
DA:111,2
DA:113,2
DA:115,8
DA:121,2
DA:124,2
DA:128,4
DA:130,2
DA:131,8
DA:152,2
DA:154,2
DA:156,2
DA:157,2
DA:159,2
DA:160,2
DA:161,2
DA:162,2
DA:164,2
DA:165,4
DA:166,2
DA:167,6
DA:169,2
DA:170,2
DA:171,4
DA:173,10
LF:68
LH:63
end_of_record
SF:lib/widgets/ui/app_textarea.dart
DA:10,3
DA:19,3
DA:21,3
DA:23,3
DA:24,3
DA:25,3
DA:26,3
DA:27,3
DA:28,3
DA:29,3
DA:31,6
DA:33,3
DA:34,3
DA:35,6
DA:37,3
DA:38,3
DA:39,9
LF:17
LH:17
end_of_record
SF:lib/pages/patient_dashboard.dart
DA:10,5
DA:12,3
DA:13,3
DA:33,3
DA:35,3
DA:37,3
DA:38,3
DA:39,3
DA:40,3
DA:43,6
DA:44,6
DA:46,3
DA:47,3
DA:48,3
DA:51,9
DA:56,3
DA:57,3
DA:59,3
DA:60,12
DA:61,15
DA:68,9
DA:71,3
DA:73,3
DA:74,3
DA:75,3
DA:97,3
DA:99,3
DA:101,3
DA:102,3
DA:103,3
DA:104,9
DA:106,12
DA:110,15
DA:113,18
DA:116,3
DA:117,3
DA:118,6
DA:119,3
DA:120,3
DA:123,6
DA:124,0
DA:127,12
DA:133,3
DA:136,0
DA:145,3
DA:146,3
DA:147,9
DA:149,12
DA:154,6
DA:155,3
DA:157,3
DA:159,3
DA:160,3
DA:161,3
DA:163,3
DA:164,12
DA:166,18
DA:167,15
DA:171,9
DA:178,3
DA:179,3
DA:180,3
DA:181,3
DA:182,3
DA:185,0
DA:189,3
DA:190,3
DA:193,0
DA:214,3
DA:216,3
DA:218,3
DA:219,3
DA:221,3
DA:222,3
DA:223,3
DA:224,3
DA:226,3
DA:227,6
DA:228,3
DA:229,9
DA:231,3
DA:232,3
DA:233,6
DA:235,15
DA:248,3
DA:250,3
DA:252,3
DA:253,3
DA:254,3
DA:255,3
DA:256,3
DA:258,3
DA:259,6
DA:260,3
DA:261,6
DA:263,3
DA:264,3
DA:265,12
DA:267,15
LF:99
LH:95
end_of_record
SF:lib/pages/patient_list_page.dart
DA:10,5
DA:12,1
DA:13,1
DA:62,1
DA:64,2
DA:65,1
DA:68,1
DA:70,1
DA:72,4
DA:73,2
DA:75,1
DA:76,1
DA:77,1
DA:78,1
DA:80,2
DA:81,2
DA:84,1
DA:86,1
DA:87,1
DA:88,1
DA:89,1
DA:91,0
DA:98,4
DA:100,1
DA:101,1
DA:104,0
DA:111,3
DA:114,1
DA:116,1
DA:117,1
DA:118,1
DA:119,1
DA:120,3
DA:122,1
DA:124,1
DA:126,1
DA:127,1
DA:128,2
DA:130,1
DA:132,1
DA:133,1
DA:134,1
DA:136,1
DA:137,1
DA:138,1
DA:139,1
DA:140,5
DA:142,2
DA:146,6
DA:149,1
DA:150,1
DA:151,3
DA:153,5
DA:157,6
DA:159,1
DA:160,1
DA:161,5
DA:163,2
DA:165,5
DA:173,1
DA:174,1
DA:175,1
DA:177,0
DA:178,3
DA:180,1
DA:182,0
DA:183,3
DA:193,1
DA:213,5
LF:69
LH:65
end_of_record
SF:lib/pages/profile_page.dart
DA:8,5
DA:10,4
DA:12,4
DA:13,4
DA:25,4
DA:26,8
DA:27,12
DA:28,16
DA:29,4
DA:30,4
DA:32,4
DA:33,4
DA:34,4
DA:35,4
DA:37,4
DA:38,4
DA:41,4
DA:42,4
DA:43,4
DA:45,0
DA:49,4
DA:51,12
DA:60,4
DA:62,8
DA:66,4
DA:68,4
DA:69,4
DA:70,4
DA:72,4
DA:74,4
DA:75,4
DA:76,4
DA:79,4
DA:80,4
DA:84,4
DA:94,4
DA:95,4
DA:96,12
DA:100,4
DA:101,4
DA:102,16
DA:112,16
DA:115,4
DA:117,4
DA:118,4
DA:119,4
DA:121,4
DA:123,4
DA:125,8
DA:126,4
DA:128,4
DA:130,4
DA:132,8
DA:133,4
DA:135,4
DA:137,4
DA:139,8
DA:140,4
DA:142,4
DA:144,4
DA:153,16
DA:156,4
DA:158,4
DA:160,4
DA:162,4
DA:178,4
DA:180,4
DA:181,8
DA:191,4
DA:199,4
DA:201,4
DA:203,4
DA:205,4
DA:207,4
DA:208,12
DA:210,4
DA:211,4
DA:213,4
DA:214,24
DA:216,20
DA:235,5
LF:81
LH:80
end_of_record
SF:lib/pages/register_page.dart
DA:13,5
DA:15,0
DA:16,0
DA:35,0
DA:36,0
DA:38,0
DA:39,0
DA:40,0
DA:43,0
DA:44,0
DA:48,0
DA:49,0
DA:50,0
DA:51,0
DA:53,0
DA:57,0
DA:58,0
DA:59,0
DA:60,0
DA:62,0
DA:66,0
DA:68,0
DA:69,0
DA:70,0
DA:71,0
DA:72,0
DA:73,0
DA:74,0
DA:75,0
DA:76,0
DA:77,0
DA:80,0
DA:82,0
DA:83,0
DA:85,0
DA:86,0
DA:87,0
DA:88,0
DA:90,0
DA:92,0
DA:93,0
DA:97,0
DA:99,0
DA:105,0
DA:107,0
DA:108,0
DA:109,0
DA:110,0
DA:113,0
DA:115,0
DA:116,0
DA:117,0
DA:118,0
DA:122,0
DA:124,0
DA:130,0
DA:131,0
DA:132,0
DA:133,0
DA:135,0
DA:137,0
DA:141,0
DA:142,0
DA:144,0
DA:146,0
DA:155,0
DA:158,0
DA:159,0
DA:160,0
DA:161,0
DA:163,0
DA:164,0
DA:165,0
DA:167,0
DA:169,0
DA:187,0
DA:188,0
DA:189,0
DA:191,0
DA:192,0
DA:193,0
DA:196,0
DA:197,0
DA:198,0
DA:199,0
DA:201,0
DA:205,0
DA:207,0
DA:209,0
DA:213,0
DA:215,0
DA:216,0
DA:219,0
DA:223,0
DA:225,0
DA:226,0
DA:229,0
DA:235,0
DA:236,0
DA:239,0
DA:240,0
DA:242,0
DA:245,0
DA:249,0
DA:252,0
DA:256,0
DA:259,0
DA:265,0
DA:266,0
DA:269,0
DA:270,0
DA:272,0
DA:275,0
DA:280,0
DA:283,0
DA:288,0
DA:291,0
DA:295,0
DA:298,0
DA:304,0
DA:305,0
DA:306,0
DA:307,0
DA:310,0
DA:315,0
DA:316,0
DA:319,0
DA:328,0
DA:329,0
DA:332,0
DA:333,0
DA:335,0
DA:337,0
DA:342,0
DA:343,0
DA:346,0
DA:347,0
DA:349,0
DA:350,0
DA:353,0
DA:354,0
DA:355,0
DA:356,0
DA:357,0
DA:358,0
DA:369,0
DA:371,0
DA:373,0
DA:374,0
DA:376,0
DA:378,0
DA:379,0
DA:380,0
DA:381,0
DA:382,0
DA:386,0
DA:387,0
DA:388,0
DA:389,0
DA:391,0
DA:392,0
DA:405,0
DA:411,0
DA:413,0
DA:414,0
DA:416,0
DA:418,0
DA:419,0
DA:420,0
DA:421,0
DA:422,0
DA:424,0
DA:426,0
DA:428,0
DA:430,0
DA:431,0
DA:433,0
DA:445,0
DA:447,0
DA:449,0
DA:451,0
DA:453,0
DA:455,0
DA:456,0
DA:458,0
DA:460,0
DA:461,0
LF:187
LH:1
end_of_record
SF:lib/pages/reports_page.dart
DA:8,5
DA:10,1
DA:12,1
DA:13,1
DA:15,1
DA:22,1
DA:28,1
DA:30,1
DA:32,1
DA:33,1
DA:37,1
DA:38,1
DA:39,1
DA:40,1
DA:42,1
DA:43,1
DA:46,1
DA:47,1
DA:48,1
DA:50,0
DA:54,1
DA:56,3
DA:65,1
DA:67,2
DA:71,1
DA:73,1
DA:74,1
DA:75,1
DA:77,4
DA:80,1
DA:83,1
DA:90,1
DA:91,1
DA:92,1
DA:94,1
DA:96,1
DA:97,2
DA:99,1
DA:100,1
DA:101,3
DA:103,2
DA:107,6
DA:117,1
DA:119,1
DA:120,1
DA:121,2
DA:122,1
DA:123,3
DA:126,1
DA:128,1
DA:129,1
DA:131,1
DA:132,1
DA:134,1
DA:135,1
DA:137,3
DA:143,1
DA:145,4
DA:158,1
DA:159,1
DA:160,2
DA:162,4
DA:167,2
DA:168,1
DA:170,0
DA:173,1
DA:175,1
DA:176,5
DA:178,6
DA:202,5
DA:214,5
LF:71
LH:69
end_of_record
SF:lib/pages/schedule_page.dart
DA:9,5
DA:11,3
DA:12,3
DA:23,9
DA:24,9
DA:26,0
DA:27,0
DA:28,0
DA:29,0
DA:30,0
DA:31,0
DA:32,0
DA:35,0
DA:39,0
DA:41,0
DA:46,0
DA:47,0
DA:52,3
DA:54,3
DA:55,3
DA:57,6
DA:59,3
DA:60,3
DA:61,3
DA:62,3
DA:64,3
DA:65,3
DA:68,3
DA:69,3
DA:70,3
DA:72,0
DA:76,3
DA:78,9
DA:87,3
DA:89,6
DA:93,3
DA:95,3
DA:96,3
DA:97,3
DA:99,3
DA:100,3
DA:101,6
DA:103,3
DA:104,9
DA:110,3
DA:111,3
DA:112,3
DA:113,3
DA:115,3
DA:116,3
DA:117,3
DA:118,6
DA:120,3
DA:121,3
DA:122,3
DA:123,3
DA:124,6
DA:125,9
DA:128,6
DA:137,3
DA:138,3
DA:139,3
DA:140,3
DA:141,6
DA:143,0
DA:147,3
DA:148,3
DA:149,6
DA:151,0
DA:160,3
DA:162,3
DA:163,3
DA:165,6
DA:167,3
DA:169,9
DA:173,3
DA:177,12
DA:181,3
DA:183,3
DA:195,3
DA:196,9
DA:199,3
DA:200,3
DA:201,6
DA:203,3
DA:210,3
DA:211,3
DA:214,3
DA:216,3
DA:219,3
DA:234,3
DA:236,9
DA:237,9
DA:238,6
DA:247,3
DA:253,3
DA:255,3
DA:256,3
DA:258,3
DA:259,3
DA:260,3
DA:261,3
DA:263,3
DA:264,9
DA:265,3
DA:266,12
DA:268,3
DA:269,3
DA:270,3
DA:271,9
DA:273,6
DA:287,3
DA:293,3
DA:295,3
DA:296,3
DA:298,3
DA:299,3
DA:300,3
DA:301,3
DA:303,3
DA:304,3
DA:305,3
DA:306,6
DA:308,3
DA:310,3
DA:311,9
DA:313,15
LF:127
LH:112
end_of_record
SF:lib/pages/settings_page.dart
DA:12,5
DA:14,3
DA:15,3
DA:29,3
DA:31,3
DA:32,3
DA:35,3
DA:36,3
DA:37,2
DA:38,4
DA:39,4
DA:40,4
DA:41,4
DA:42,4
DA:43,4
DA:44,4
DA:45,4
DA:49,1
DA:50,1
DA:51,1
DA:55,1
DA:56,1
DA:57,1
DA:59,2
DA:60,0
DA:61,3
DA:65,1
DA:66,1
DA:70,1
DA:71,1
DA:74,1
DA:75,1
DA:80,1
DA:81,1
DA:82,1
DA:83,1
DA:84,1
DA:85,1
DA:86,1
DA:88,1
DA:91,2
DA:92,1
DA:93,1
DA:94,1
DA:96,1
DA:97,1
DA:98,1
DA:99,1
DA:102,3
DA:109,3
DA:111,3
DA:112,3
DA:115,3
DA:116,3
DA:119,3
DA:120,3
DA:123,0
DA:124,3
DA:127,0
DA:128,3
DA:131,0
DA:134,3
DA:137,3
DA:138,3
DA:141,0
DA:142,3
DA:145,0
DA:146,3
DA:149,0
DA:154,3
DA:155,3
DA:156,3
DA:157,3
DA:159,3
DA:160,3
DA:163,3
DA:164,3
DA:165,3
DA:167,0
DA:169,0
DA:170,0
DA:175,0
DA:176,0
DA:178,0
DA:179,0
DA:180,0
DA:181,0
DA:184,0
DA:190,3
DA:192,6
DA:193,3
DA:202,3
DA:204,6
DA:207,3
DA:209,3
DA:210,3
DA:211,3
DA:213,3
DA:214,3
DA:215,3
DA:216,3
DA:218,3
DA:220,6
DA:221,3
DA:227,3
DA:235,3
DA:243,3
DA:247,3
DA:248,3
DA:249,3
DA:252,3
DA:253,0
DA:254,0
DA:255,0
DA:259,3
DA:262,3
DA:263,1
DA:264,3
DA:265,1
DA:269,3
DA:272,3
DA:273,0
DA:274,0
DA:275,0
DA:283,3
DA:287,3
DA:288,3
DA:289,3
DA:292,3
DA:293,0
DA:294,0
DA:295,0
DA:299,3
DA:302,3
DA:303,0
DA:304,0
DA:305,0
DA:309,3
DA:312,3
DA:313,0
DA:314,0
DA:315,0
DA:319,3
DA:322,3
DA:323,0
DA:324,0
DA:325,0
DA:335,6
DA:336,3
DA:337,3
DA:338,9
DA:340,6
DA:341,6
DA:342,3
DA:346,3
DA:348,3
DA:349,3
DA:350,3
DA:354,3
DA:356,3
DA:357,3
DA:358,3
DA:359,3
DA:360,3
DA:364,9
DA:365,6
DA:366,3
DA:367,3
DA:368,9
DA:369,6
DA:370,6
DA:372,3
DA:373,15
DA:374,3
DA:375,6
DA:376,9
DA:386,3
DA:388,3
DA:389,3
DA:390,3
DA:391,6
DA:392,3
DA:394,3
DA:395,6
DA:396,6
DA:398,3
DA:400,6
DA:401,6
DA:405,3
DA:407,3
DA:430,3
DA:437,3
DA:439,3
DA:440,3
DA:442,3
DA:444,3
DA:445,3
DA:446,3
DA:449,3
DA:451,3
DA:452,3
DA:453,3
DA:454,6
DA:456,9
DA:458,6
DA:459,6
DA:460,3
DA:461,6
DA:463,12
DA:464,6
DA:477,3
DA:484,1
DA:486,1
DA:487,1
DA:489,1
DA:491,1
DA:492,1
DA:493,1
DA:494,2
DA:496,1
DA:497,1
DA:498,1
DA:499,1
DA:501,1
DA:502,2
DA:503,2
DA:504,1
DA:506,2
DA:507,2
DA:508,2
DA:512,1
DA:513,1
DA:514,1
DA:515,1
DA:526,3
DA:528,1
DA:530,1
DA:531,1
DA:533,1
DA:534,2
DA:535,1
DA:537,1
DA:538,1
DA:539,4
DA:541,1
DA:542,3
DA:543,2
DA:544,1
DA:546,2
DA:558,1
DA:560,1
DA:562,1
DA:563,1
DA:565,1
DA:567,1
DA:569,1
DA:570,1
DA:572,4
DA:575,1
DA:578,1
DA:580,1
DA:581,1
DA:585,1
DA:587,1
DA:588,1
DA:589,3
DA:593,1
DA:595,2
DA:596,2
DA:603,1
DA:604,2
DA:605,1
DA:606,1
DA:607,1
DA:608,1
DA:621,3
DA:630,3
LF:277
LH:242
end_of_record
SF:lib/widgets/accessibility/theme_selector.dart
DA:7,5
DA:9,0
DA:12,0
DA:13,0
DA:14,0
DA:17,0
DA:46,0
DA:47,0
DA:49,0
DA:50,0
DA:53,0
DA:57,0
DA:59,0
DA:60,0
DA:62,0
DA:64,0
DA:65,0
DA:67,0
DA:70,0
DA:71,0
DA:73,0
DA:76,0
DA:77,0
DA:78,0
DA:79,0
DA:81,0
DA:82,0
DA:83,0
DA:92,0
DA:93,0
DA:94,0
DA:95,0
DA:96,0
DA:97,0
DA:98,0
DA:99,0
DA:100,0
DA:103,0
DA:123,0
DA:130,0
DA:132,0
DA:134,0
DA:136,0
DA:137,0
DA:138,0
DA:139,0
DA:141,0
DA:143,0
DA:144,0
DA:145,0
DA:146,0
DA:147,0
DA:150,0
DA:155,0
DA:157,0
DA:158,0
DA:161,0
DA:162,0
DA:163,0
DA:164,0
DA:166,0
DA:169,0
DA:171,0
DA:172,0
DA:173,0
DA:177,0
DA:178,0
DA:181,0
DA:182,0
DA:183,0
DA:209,5
LF:71
LH:2
end_of_record
SF:lib/widgets/accessibility/text_size_control.dart
DA:11,5
DA:13,0
DA:15,0
DA:16,0
DA:18,0
DA:20,0
DA:21,0
DA:23,0
DA:25,0
DA:27,0
DA:28,0
DA:29,0
DA:30,0
DA:34,0
DA:35,0
DA:39,0
DA:40,0
DA:44,0
DA:45,0
DA:49,0
DA:50,0
DA:54,0
DA:55,0
DA:64,0
DA:66,0
DA:68,0
DA:85,0
DA:93,0
DA:95,0
DA:96,0
DA:97,0
DA:98,0
DA:100,0
DA:101,0
DA:103,0
DA:106,0
DA:108,0
DA:110,0
LF:38
LH:1
end_of_record
SF:lib/pages/symptoms_page.dart
DA:10,5
DA:12,2
DA:13,2
DA:31,0
DA:32,0
DA:33,0
DA:34,0
DA:35,0
DA:39,0
DA:41,0
DA:44,2
DA:46,4
DA:47,2
DA:50,2
DA:52,2
DA:53,2
DA:55,2
DA:56,2
DA:57,2
DA:58,2
DA:60,2
DA:61,2
DA:64,2
DA:65,2
DA:66,2
DA:68,0
DA:72,2
DA:74,6
DA:83,2
DA:85,4
DA:89,2
DA:91,2
DA:92,2
DA:93,2
DA:95,2
DA:97,2
DA:99,2
DA:100,2
DA:101,6
DA:104,2
DA:105,2
DA:106,2
DA:107,2
DA:109,2
DA:112,4
DA:113,2
DA:119,2
DA:120,4
DA:121,2
DA:123,0
DA:136,2
DA:138,2
DA:140,2
DA:141,2
DA:142,6
DA:145,2
DA:146,4
DA:150,6
DA:151,0
DA:155,2
DA:157,2
DA:158,8
DA:159,2
DA:160,2
DA:161,4
DA:163,6
DA:164,8
DA:165,4
DA:173,2
DA:176,2
DA:177,2
DA:178,2
DA:179,4
DA:181,2
DA:182,2
DA:183,6
DA:184,6
DA:186,2
DA:198,2
DA:200,2
DA:202,2
DA:203,2
DA:204,6
DA:206,2
DA:207,2
DA:220,2
DA:222,2
DA:224,2
DA:244,2
DA:251,0
DA:252,0
DA:253,0
DA:254,0
DA:255,0
DA:256,0
DA:265,2
DA:267,2
DA:269,2
DA:270,2
DA:272,6
DA:274,2
DA:276,4
DA:277,10
DA:278,2
DA:279,2
DA:280,2
DA:281,2
DA:283,2
DA:284,6
DA:285,2
DA:286,2
DA:287,4
DA:288,0
DA:289,0
DA:292,0
DA:297,2
DA:299,2
DA:300,6
DA:302,2
DA:303,4
DA:305,6
LF:121
LH:102
end_of_record
SF:lib/widgets/navigation/app_layout.dart
DA:11,3
DA:18,3
DA:19,6
DA:20,6
DA:21,6
DA:22,6
DA:24,3
DA:26,3
DA:27,3
DA:28,6
DA:29,3
DA:30,3
DA:32,3
DA:33,3
DA:34,3
LF:15
LH:15
end_of_record
SF:lib/theme/app_theme_controller.dart
DA:18,2
DA:19,2
DA:21,2
DA:22,4
DA:24,4
DA:26,2
DA:27,4
DA:29,2
DA:32,0
DA:33,0
DA:34,0
DA:35,0
DA:36,0
DA:39,0
DA:40,0
DA:41,0
DA:42,0
DA:43,0
DA:46,0
DA:47,0
DA:48,0
DA:49,0
DA:50,0
DA:54,0
DA:56,0
DA:58,0
DA:60,0
DA:62,0
DA:63,0
DA:64,0
DA:68,2
DA:69,2
DA:70,2
DA:71,2
DA:72,0
DA:75,0
DA:76,0
DA:77,0
DA:81,2
DA:82,2
DA:83,2
DA:84,2
DA:85,0
DA:86,0
DA:87,0
DA:89,0
DA:93,2
DA:94,2
DA:99,2
DA:102,0
DA:103,0
DA:108,0
DA:111,2
DA:112,2
DA:116,2
DA:119,0
DA:132,0
DA:135,0
DA:136,0
DA:140,0
LF:60
LH:22
end_of_record
SF:lib/theme/app_theme_scope.dart
DA:5,18
DA:9,18
DA:11,0
DA:12,0
DA:13,0
DA:14,0
LF:6
LH:2
end_of_record
SF:lib/widgets/navigation/bottom_nav.dart
DA:10,4
DA:16,4
DA:17,4
DA:24,4
DA:26,4
DA:27,4
DA:30,4
DA:31,4
DA:32,4
DA:33,4
DA:34,8
DA:35,8
DA:39,0
DA:40,0
DA:41,0
DA:44,1
DA:45,2
DA:46,0
DA:47,0
DA:48,0
DA:49,0
DA:50,0
DA:51,0
DA:52,0
DA:53,0
DA:54,0
DA:58,0
DA:63,1
DA:64,1
DA:65,1
DA:66,1
DA:67,1
DA:68,1
DA:69,1
DA:70,1
DA:74,0
DA:79,1
DA:80,1
DA:83,2
DA:85,4
DA:86,1
DA:87,3
DA:90,4
DA:92,4
DA:93,4
DA:96,12
DA:98,4
DA:99,4
DA:101,4
DA:102,1
DA:103,1
DA:104,1
DA:105,1
DA:106,1
DA:107,1
DA:109,1
DA:111,1
DA:112,1
DA:113,3
DA:115,1
DA:118,1
DA:119,0
DA:125,1
DA:126,2
DA:127,2
DA:134,1
DA:135,1
DA:137,1
DA:138,1
DA:140,1
DA:141,1
DA:142,2
DA:144,1
DA:152,1
DA:153,1
DA:154,1
DA:156,4
DA:157,2
DA:174,4
DA:176,4
DA:178,4
DA:179,4
DA:180,4
DA:181,4
DA:182,12
DA:184,4
DA:187,4
DA:188,4
DA:189,4
DA:191,4
DA:194,4
DA:196,12
DA:216,1
DA:229,1
DA:235,1
DA:237,1
DA:238,1
DA:244,1
DA:246,1
DA:247,2
DA:248,1
DA:249,1
DA:250,1
DA:251,1
DA:253,1
DA:254,3
DA:255,1
DA:256,1
DA:257,3
DA:261,1
DA:262,1
DA:263,1
DA:266,1
DA:267,1
DA:268,1
DA:269,1
DA:272,1
DA:273,2
DA:275,2
DA:279,1
DA:280,1
DA:281,2
DA:284,3
DA:287,2
LF:124
LH:109
end_of_record
