Resolving dependencies...
Downloading packages...
  _fe_analyzer_shared 91.0.0 (93.0.0 available)
  analyzer 8.4.1 (10.0.1 available)
  characters 1.4.0 (1.4.1 available)
  fl_chart 0.68.0 (1.1.1 available)
  flutter_lints 4.0.0 (6.0.0 available)
  flutter_riverpod 2.6.1 (3.2.0 available)
  go_router 14.8.1 (17.0.1 available)
  intl 0.19.0 (0.20.2 available)
  lints 4.0.0 (6.0.0 available)
  matcher 0.12.17 (0.12.18 available)
  material_color_utilities 0.11.1 (0.13.0 available)
  meta 1.17.0 (1.18.1 available)
  riverpod 2.6.1 (3.2.0 available)
  shared_preferences_android 2.4.18 (2.4.20 available)
  table_calendar 3.1.3 (3.2.0 available)
  test 1.26.3 (1.29.0 available)
  test_api 0.7.7 (0.7.9 available)
  test_core 0.6.12 (0.6.15 available)
Got dependencies!
18 packages have newer versions incompatible with dependency constraints.
Try `flutter pub outdated` for more information.
00:00 +0: loading C:/Users/garyj/OneDrive/Desktop/SWEN661/Team4/Team-4-SWEN-661-Spring-2026/apps/mobile_flutter/test/auth_notifier_test.dart
00:00 +0: C:/Users/garyj/OneDrive/Desktop/SWEN661/Team4/Team-4-SWEN-661-Spring-2026/apps/mobile_flutter/test/auth_notifier_test.dart: User logs in successfully
00:01 +1: C:/Users/garyj/OneDrive/Desktop/SWEN661/Team4/Team-4-SWEN-661-Spring-2026/apps/mobile_flutter/test/pages/caregiver_dashboard_test.dart: CaregiverDashboard renders correctly
00:05 +2: C:/Users/garyj/OneDrive/Desktop/SWEN661/Team4/Team-4-SWEN-661-Spring-2026/apps/mobile_flutter/test/pages/emergency_flow_test.dart: EmergencyPage SOS flow Tap SOS opens confirm sheet
══╡ EXCEPTION CAUGHT BY RENDERING LIBRARY ╞═════════════════════════════════════════════════════════
The following assertion was thrown during layout:
A RenderFlex overflowed by 16 pixels on the right.

The relevant error-causing widget was:
  Row
  Row:file:///C:/Users/garyj/OneDrive/Desktop/SWEN661/Team4/Team-4-SWEN-661-Spring-2026/apps/mobile_flutter/lib/widgets/ui/app_button.dart:48:21

The overflowing RenderFlex has an orientation of Axis.horizontal.
The edge of the RenderFlex that is overflowing has been marked in the rendering with a yellow and
black striped pattern. This is usually caused by the contents being too big for the RenderFlex.
Consider applying a flex factor (e.g. using an Expanded widget) to force the children of the
RenderFlex to fit within the available space instead of being sized to their natural size.
This is considered an error condition because it indicates that there is content that cannot be
seen. If the content is legitimately bigger than the available space, consider clipping it with a
ClipRect widget before putting it in the flex, or using a scrollable container rather than a Flex,
like a ListView.
The specific RenderFlex in question is: RenderFlex#7e2db relayoutBoundary=up22 OVERFLOWING:
  creator: Row ← Align ← Padding ← Listener ← RawGestureDetector ← GestureDetector ← Semantics ←
    DefaultSelectionStyle ← Builder ← MouseRegion ← Semantics ← _FocusInheritedScope ← ⋯
  parentData: offset=Offset(0.0, 3.0) (can use size)
  constraints: BoxConstraints(0.0<=w<=222.0, 0.0<=h<=Infinity)
  size: Size(222.0, 14.0)
  direction: horizontal
  mainAxisAlignment: center
  mainAxisSize: min
  crossAxisAlignment: center
  textDirection: ltr
  verticalDirection: down
  spacing: 0.0
◢◤◢◤◢◤◢◤◢◤◢◤◢◤◢◤◢◤◢◤◢◤◢◤◢◤◢◤◢◤◢◤◢◤◢◤◢◤◢◤◢◤◢◤◢◤◢◤◢◤◢◤◢◤◢◤◢◤◢◤◢◤◢◤◢◤◢◤◢◤◢◤◢◤◢◤◢◤◢◤◢◤◢◤◢◤◢◤◢◤◢◤◢◤◢◤◢◤◢◤
════════════════════════════════════════════════════════════════════════════════════════════════════
00:09 +2 -1: C:/Users/garyj/OneDrive/Desktop/SWEN661/Team4/Team-4-SWEN-661-Spring-2026/apps/mobile_flutter/test/pages/emergency_page_test.dart: EmergencyPage renders correctly
00:09 +2 -1: C:/Users/garyj/OneDrive/Desktop/SWEN661/Team4/Team-4-SWEN-661-Spring-2026/apps/mobile_flutter/test/pages/emergency_flow_test.dart: EmergencyPage SOS flow Tap SOS opens confirm sheet [E]
  Test failed. See exception logs above.
  The test description was: Tap SOS opens confirm sheet
  
00:10 +3 -1: C:/Users/garyj/OneDrive/Desktop/SWEN661/Team4/Team-4-SWEN-661-Spring-2026/apps/mobile_flutter/test/pages/forgot_password_page_test.dart: ForgotPasswordPage renders correctly
00:10 +3 -1: C:/Users/garyj/OneDrive/Desktop/SWEN661/Team4/Team-4-SWEN-661-Spring-2026/apps/mobile_flutter/test/pages/emergency_flow_test.dart: EmergencyPage SOS flow Cancel closes confirm sheet
══╡ EXCEPTION CAUGHT BY RENDERING LIBRARY ╞═════════════════════════════════════════════════════════
The following assertion was thrown during layout:
A RenderFlex overflowed by 16 pixels on the right.

The overflowing RenderFlex has an orientation of Axis.horizontal.
The edge of the RenderFlex that is overflowing has been marked in the rendering with a yellow and
black striped pattern. This is usually caused by the contents being too big for the RenderFlex.
Consider applying a flex factor (e.g. using an Expanded widget) to force the children of the
RenderFlex to fit within the available space instead of being sized to their natural size.
This is considered an error condition because it indicates that there is content that cannot be
seen. If the content is legitimately bigger than the available space, consider clipping it with a
ClipRect widget before putting it in the flex, or using a scrollable container rather than a Flex,
like a ListView.
The specific RenderFlex in question is: RenderFlex#b9c54 DISPOSED OVERFLOWING:
  creator: MultiChildRenderObjectElement#cf89b(DEFUNCT) ←
    SingleChildRenderObjectElement#c46c9(DEFUNCT) ← SingleChildRenderObjectElement#81505(DEFUNCT) ←
    SingleChildRenderObjectElement#a8469(DEFUNCT) ← StatefulElement#01784(DEFUNCT) ←
    StatelessElement#3c687(DEFUNCT) ← SingleChildRenderObjectElement#5b201(DEFUNCT) ←
    InheritedElement#3f247(DEFUNCT) ← StatelessElement#650b3(DEFUNCT) ←
    SingleChildRenderObjectElement#c51ec(DEFUNCT) ← SingleChildRenderObjectElement#c39da(DEFUNCT) ←
    _InheritedNotifierElement<FocusNode>#723b9(DEFUNCT) ← ⋯
  parentData: offset=Offset(0.0, 3.0) (can use size)
  constraints: BoxConstraints(0.0<=w<=222.0, 0.0<=h<=Infinity)
  size: Size(222.0, 14.0)
  direction: horizontal
  mainAxisAlignment: center
  mainAxisSize: min
  crossAxisAlignment: center
  textDirection: ltr
  verticalDirection: down
  spacing: 0.0
◢◤◢◤◢◤◢◤◢◤◢◤◢◤◢◤◢◤◢◤◢◤◢◤◢◤◢◤◢◤◢◤◢◤◢◤◢◤◢◤◢◤◢◤◢◤◢◤◢◤◢◤◢◤◢◤◢◤◢◤◢◤◢◤◢◤◢◤◢◤◢◤◢◤◢◤◢◤◢◤◢◤◢◤◢◤◢◤◢◤◢◤◢◤◢◤◢◤◢◤
════════════════════════════════════════════════════════════════════════════════════════════════════
00:10 +3 -2: C:/Users/garyj/OneDrive/Desktop/SWEN661/Team4/Team-4-SWEN-661-Spring-2026/apps/mobile_flutter/test/pages/forgot_password_page_test.dart: ForgotPasswordPage renders correctly
00:10 +3 -2: C:/Users/garyj/OneDrive/Desktop/SWEN661/Team4/Team-4-SWEN-661-Spring-2026/apps/mobile_flutter/test/pages/emergency_flow_test.dart: EmergencyPage SOS flow Cancel closes confirm sheet [E]
  Test failed. See exception logs above.
  The test description was: Cancel closes confirm sheet
  
══╡ EXCEPTION CAUGHT BY WIDGET INSPECTOR ╞══════════════════════════════════════════════════════════
The following assertion was thrown:
Looking up a deactivated widget's ancestor is unsafe.
At this point the state of the widget's element tree is no longer stable.
To safely refer to a widget's ancestor in its dispose() method, save a reference to the ancestor by
calling dependOnInheritedWidgetOfExactType() in the widget's didChangeDependencies() method.

When the exception was thrown, this was the stack:
#0      Element._debugCheckStateIsActiveForAncestorLookup.<anonymous closure> (package:flutter/src/widgets/framework.dart:5052:9)
#1      Element._debugCheckStateIsActiveForAncestorLookup (package:flutter/src/widgets/framework.dart:5066:6)
#2      Element.visitAncestorElements (package:flutter/src/widgets/framework.dart:5177:12)
#3      _describeRelevantUserCode (package:flutter/src/widgets/widget_inspector.dart:4244:13)
#4      _parseDiagnosticsNode (package:flutter/src/widgets/widget_inspector.dart:4163:12)
#5      debugTransformDebugCreator (package:flutter/src/widgets/widget_inspector.dart:4142:21)
#6      _FlutterErrorDetailsNode.builder (package:flutter/src/foundation/assertions.dart:1310:31)
#7      DiagnosticableNode.getProperties (package:flutter/src/foundation/diagnostics.dart:2945:68)
#8      TextTreeRenderer._debugRender (package:flutter/src/foundation/diagnostics.dart:1270:63)
#9      TextTreeRenderer.render (package:flutter/src/foundation/diagnostics.dart:1137:14)
#10     FlutterError.dumpErrorToConsole (package:flutter/src/foundation/assertions.dart:1040:13)
#11     _defaultTestExceptionReporter (package:flutter_test/src/test_exception_reporter.dart:29:16)
#12     TestWidgetsFlutterBinding._createTestCompletionHandler.<anonymous closure> (package:flutter_test/src/binding.dart:821:28)
<asynchronous suspension>
(elided 8 frames from dart:async and package:stack_trace)

This exception was caught while trying to describe the user-relevant code of another error.
════════════════════════════════════════════════════════════════════════════════════════════════════
══╡ EXCEPTION CAUGHT BY WIDGET INSPECTOR ╞══════════════════════════════════════════════════════════
The following assertion was thrown:
Looking up a deactivated widget's ancestor is unsafe.
At this point the state of the widget's element tree is no longer stable.
To safely refer to a widget's ancestor in its dispose() method, save a reference to the ancestor by
calling dependOnInheritedWidgetOfExactType() in the widget's didChangeDependencies() method.

When the exception was thrown, this was the stack:
#0      Element._debugCheckStateIsActiveForAncestorLookup.<anonymous closure> (package:flutter/src/widgets/framework.dart:5052:9)
#1      Element._debugCheckStateIsActiveForAncestorLookup (package:flutter/src/widgets/framework.dart:5066:6)
#2      Element.visitAncestorElements (package:flutter/src/widgets/framework.dart:5177:12)
#3      _describeRelevantUserCode (package:flutter/src/widgets/widget_inspector.dart:4244:13)
#4      _parseDiagnosticsNode (package:flutter/src/widgets/widget_inspector.dart:4163:12)
#5      debugTransformDebugCreator (package:flutter/src/widgets/widget_inspector.dart:4142:21)
#6      _FlutterErrorDetailsNode.builder (package:flutter/src/foundation/assertions.dart:1310:31)
#7      DiagnosticableNode.emptyBodyDescription (package:flutter/src/foundation/diagnostics.dart:2941:45)
#8      TextTreeRenderer._debugRender (package:flutter/src/foundation/diagnostics.dart:1307:14)
#9      TextTreeRenderer.render (package:flutter/src/foundation/diagnostics.dart:1137:14)
#10     FlutterError.dumpErrorToConsole (package:flutter/src/foundation/assertions.dart:1040:13)
#11     _defaultTestExceptionReporter (package:flutter_test/src/test_exception_reporter.dart:29:16)
#12     TestWidgetsFlutterBinding._createTestCompletionHandler.<anonymous closure> (package:flutter_test/src/binding.dart:821:28)
<asynchronous suspension>
(elided 8 frames from dart:async and package:stack_trace)

This exception was caught while trying to describe the user-relevant code of another error.
════════════════════════════════════════════════════════════════════════════════════════════════════
00:10 +4 -2: C:/Users/garyj/OneDrive/Desktop/SWEN661/Team4/Team-4-SWEN-661-Spring-2026/apps/mobile_flutter/test/pages/header_voice_button_test.dart: HeaderVoiceButton interactions Tapping mic opens popover
00:11 +4 -2: C:/Users/garyj/OneDrive/Desktop/SWEN661/Team4/Team-4-SWEN-661-Spring-2026/apps/mobile_flutter/test/pages/emergency_flow_test.dart: EmergencyPage SOS flow Confirm activates emergency banner
══╡ EXCEPTION CAUGHT BY RENDERING LIBRARY ╞═════════════════════════════════════════════════════════
The following assertion was thrown during layout:
A RenderFlex overflowed by 16 pixels on the right.

The overflowing RenderFlex has an orientation of Axis.horizontal.
The edge of the RenderFlex that is overflowing has been marked in the rendering with a yellow and
black striped pattern. This is usually caused by the contents being too big for the RenderFlex.
Consider applying a flex factor (e.g. using an Expanded widget) to force the children of the
RenderFlex to fit within the available space instead of being sized to their natural size.
This is considered an error condition because it indicates that there is content that cannot be
seen. If the content is legitimately bigger than the available space, consider clipping it with a
ClipRect widget before putting it in the flex, or using a scrollable container rather than a Flex,
like a ListView.
The specific RenderFlex in question is: RenderFlex#c5445 DISPOSED OVERFLOWING:
  creator: MultiChildRenderObjectElement#7189c(DEFUNCT) ←
    SingleChildRenderObjectElement#cea57(DEFUNCT) ← SingleChildRenderObjectElement#10681(DEFUNCT) ←
    SingleChildRenderObjectElement#91f08(DEFUNCT) ← StatefulElement#a78a5(DEFUNCT) ←
    StatelessElement#6814f(DEFUNCT) ← SingleChildRenderObjectElement#838a9(DEFUNCT) ←
    InheritedElement#051aa(DEFUNCT) ← StatelessElement#bde5c(DEFUNCT) ←
    SingleChildRenderObjectElement#ed9cb(DEFUNCT) ← SingleChildRenderObjectElement#be855(DEFUNCT) ←
    _InheritedNotifierElement<FocusNode>#08bdb(DEFUNCT) ← ⋯
  parentData: offset=Offset(0.0, 3.0) (can use size)
  constraints: BoxConstraints(0.0<=w<=222.0, 0.0<=h<=Infinity)
  size: Size(222.0, 14.0)
  direction: horizontal
  mainAxisAlignment: center
  mainAxisSize: min
  crossAxisAlignment: center
  textDirection: ltr
  verticalDirection: down
  spacing: 0.0
◢◤◢◤◢◤◢◤◢◤◢◤◢◤◢◤◢◤◢◤◢◤◢◤◢◤◢◤◢◤◢◤◢◤◢◤◢◤◢◤◢◤◢◤◢◤◢◤◢◤◢◤◢◤◢◤◢◤◢◤◢◤◢◤◢◤◢◤◢◤◢◤◢◤◢◤◢◤◢◤◢◤◢◤◢◤◢◤◢◤◢◤◢◤◢◤◢◤◢◤
════════════════════════════════════════════════════════════════════════════════════════════════════
00:11 +4 -3: C:/Users/garyj/OneDrive/Desktop/SWEN661/Team4/Team-4-SWEN-661-Spring-2026/apps/mobile_flutter/test/pages/header_voice_button_test.dart: HeaderVoiceButton interactions Tapping mic opens popover
00:11 +4 -3: C:/Users/garyj/OneDrive/Desktop/SWEN661/Team4/Team-4-SWEN-661-Spring-2026/apps/mobile_flutter/test/pages/emergency_flow_test.dart: EmergencyPage SOS flow Confirm activates emergency banner [E]
  Test failed. See exception logs above.
  The test description was: Confirm activates emergency banner
  
══╡ EXCEPTION CAUGHT BY WIDGET INSPECTOR ╞══════════════════════════════════════════════════════════
The following assertion was thrown:
Looking up a deactivated widget's ancestor is unsafe.
At this point the state of the widget's element tree is no longer stable.
To safely refer to a widget's ancestor in its dispose() method, save a reference to the ancestor by
calling dependOnInheritedWidgetOfExactType() in the widget's didChangeDependencies() method.

When the exception was thrown, this was the stack:
#0      Element._debugCheckStateIsActiveForAncestorLookup.<anonymous closure> (package:flutter/src/widgets/framework.dart:5052:9)
#1      Element._debugCheckStateIsActiveForAncestorLookup (package:flutter/src/widgets/framework.dart:5066:6)
#2      Element.visitAncestorElements (package:flutter/src/widgets/framework.dart:5177:12)
#3      _describeRelevantUserCode (package:flutter/src/widgets/widget_inspector.dart:4244:13)
#4      _parseDiagnosticsNode (package:flutter/src/widgets/widget_inspector.dart:4163:12)
#5      debugTransformDebugCreator (package:flutter/src/widgets/widget_inspector.dart:4142:21)
#6      _FlutterErrorDetailsNode.builder (package:flutter/src/foundation/assertions.dart:1310:31)
#7      DiagnosticableNode.getProperties (package:flutter/src/foundation/diagnostics.dart:2945:68)
#8      TextTreeRenderer._debugRender (package:flutter/src/foundation/diagnostics.dart:1270:63)
#9      TextTreeRenderer.render (package:flutter/src/foundation/diagnostics.dart:1137:14)
#10     FlutterError.dumpErrorToConsole (package:flutter/src/foundation/assertions.dart:1040:13)
#11     _defaultTestExceptionReporter (package:flutter_test/src/test_exception_reporter.dart:29:16)
#12     TestWidgetsFlutterBinding._createTestCompletionHandler.<anonymous closure> (package:flutter_test/src/binding.dart:821:28)
<asynchronous suspension>
(elided 8 frames from dart:async and package:stack_trace)

This exception was caught while trying to describe the user-relevant code of another error.
════════════════════════════════════════════════════════════════════════════════════════════════════
══╡ EXCEPTION CAUGHT BY WIDGET INSPECTOR ╞══════════════════════════════════════════════════════════
The following assertion was thrown:
Looking up a deactivated widget's ancestor is unsafe.
At this point the state of the widget's element tree is no longer stable.
To safely refer to a widget's ancestor in its dispose() method, save a reference to the ancestor by
calling dependOnInheritedWidgetOfExactType() in the widget's didChangeDependencies() method.

When the exception was thrown, this was the stack:
#0      Element._debugCheckStateIsActiveForAncestorLookup.<anonymous closure> (package:flutter/src/widgets/framework.dart:5052:9)
#1      Element._debugCheckStateIsActiveForAncestorLookup (package:flutter/src/widgets/framework.dart:5066:6)
#2      Element.visitAncestorElements (package:flutter/src/widgets/framework.dart:5177:12)
#3      _describeRelevantUserCode (package:flutter/src/widgets/widget_inspector.dart:4244:13)
#4      _parseDiagnosticsNode (package:flutter/src/widgets/widget_inspector.dart:4163:12)
#5      debugTransformDebugCreator (package:flutter/src/widgets/widget_inspector.dart:4142:21)
#6      _FlutterErrorDetailsNode.builder (package:flutter/src/foundation/assertions.dart:1310:31)
#7      DiagnosticableNode.emptyBodyDescription (package:flutter/src/foundation/diagnostics.dart:2941:45)
#8      TextTreeRenderer._debugRender (package:flutter/src/foundation/diagnostics.dart:1307:14)
#9      TextTreeRenderer.render (package:flutter/src/foundation/diagnostics.dart:1137:14)
#10     FlutterError.dumpErrorToConsole (package:flutter/src/foundation/assertions.dart:1040:13)
#11     _defaultTestExceptionReporter (package:flutter_test/src/test_exception_reporter.dart:29:16)
#12     TestWidgetsFlutterBinding._createTestCompletionHandler.<anonymous closure> (package:flutter_test/src/binding.dart:821:28)
<asynchronous suspension>
(elided 8 frames from dart:async and package:stack_trace)

This exception was caught while trying to describe the user-relevant code of another error.
════════════════════════════════════════════════════════════════════════════════════════════════════
00:12 +4 -3: C:/Users/garyj/OneDrive/Desktop/SWEN661/Team4/Team-4-SWEN-661-Spring-2026/apps/mobile_flutter/test/pages/emergency_flow_test.dart: EmergencyPage SOS flow After activation, tapping SOS again does nothing (no confirm)

Warning: A call to tap() with finder "Found 1 widget with text "SOS": [
  Text("SOS", inherit: true, size: 34.0, weight: 900, dependencies: [DefaultSelectionStyle, DefaultTextStyle, MediaQuery]),
]" derived an Offset (Offset(400.0, 558.0)) that would not hit test on the specified widget.
Maybe the widget is actually off-screen, or another widget is obscuring it, or the widget cannot receive pointer events.
The finder corresponds to this RenderBox: RenderParagraph#205fa relayoutBoundary=up2
The hit test result at that offset is: HitTestResult(_RenderInkFeatures#85586@Offset(400.0, 6.0), RenderPhysicalModel#09cc1@Offset(400.0, 6.0), RenderPointerListener#f039c@Offset(400.0, 6.0), RenderSemanticsGestureHandler#7b722@Offset(400.0, 6.0), RenderSemanticsAnnotations#c3fec@Offset(400.0, 6.0), RenderPositionedBox#edf1f@Offset(400.0, 6.0), RenderClipRect#02d53@Offset(400.0, 6.0), RenderOffstage#597e1@Offset(400.0, 6.0), RenderConstrainedBox#e92ee@Offset(400.0, 6.0), RenderCustomMultiChildLayoutBox#33c4c@Offset(400.0, 558.0), _RenderInkFeatures#c1e3d@Offset(400.0, 558.0), RenderPhysicalModel#d891a@Offset(400.0, 558.0), RenderSemanticsAnnotations#31d89@Offset(400.0, 558.0), RenderRepaintBoundary#95ed1@Offset(400.0, 558.0), RenderIgnorePointer#cff61@Offset(400.0, 558.0), RenderAnimatedOpacity#92b45@Offset(400.0, 558.0), RenderAnimatedOpacity#6e050@Offset(400.0, 558.0), _RenderColoredBox#db48e@Offset(400.0, 558.0), RenderAnimatedOpacity#49e4a@Offset(400.0, 558.0), RenderIgnorePointer#1458d@Offset(400.0, 558.0), RenderAnimatedOpacity#9f635@Offset(400.0, 558.0), RenderRepaintBoundary#60641@Offset(400.0, 558.0), RenderSemanticsAnnotations#bee85@Offset(400.0, 558.0), RenderOffstage#394df@Offset(400.0, 558.0), RenderSemanticsAnnotations#e37a7@Offset(400.0, 558.0), _RenderTheater#3bd45@Offset(400.0, 558.0), RenderAbsorbPointer#0a301@Offset(400.0, 558.0), RenderPointerListener#f4681@Offset(400.0, 558.0), RenderSemanticsAnnotations#325bd@Offset(400.0, 558.0), RenderSemanticsAnnotations#675a2@Offset(400.0, 558.0), RenderSemanticsAnnotations#fa61d@Offset(400.0, 558.0), RenderTapRegionSurface#c1197@Offset(400.0, 558.0), RenderSemanticsAnnotations#5d553@Offset(400.0, 558.0), RenderSemanticsAnnotations#7705e@Offset(400.0, 558.0), RenderSemanticsAnnotations#961ca@Offset(400.0, 558.0), HitTestEntry<HitTestTarget>#16ba1(_ReusableRenderView#f78bf), HitTestEntry<HitTestTarget>#93227(<AutomatedTestWidgetsFlutterBinding>))
#0      WidgetController._getElementPoint (package:flutter_test/src/controller.dart:2081:25)
#1      WidgetController.getCenter (package:flutter_test/src/controller.dart:1865:12)
#2      WidgetController.tap (package:flutter_test/src/controller.dart:1045:7)
#3      main.<anonymous closure>.<anonymous closure> (file:///C:/Users/garyj/OneDrive/Desktop/SWEN661/Team4/Team-4-SWEN-661-Spring-2026/apps/mobile_flutter/test/pages/emergency_flow_test.dart:58:20)
<asynchronous suspension>
#4      testWidgets.<anonymous closure>.<anonymous closure> (package:flutter_test/src/widget_tester.dart:192:15)
<asynchronous suspension>
#5      TestWidgetsFlutterBinding._runTestBody (package:flutter_test/src/binding.dart:1059:5)
<asynchronous suspension>
#6      StackZoneSpecification._registerCallback.<anonymous closure> (package:stack_trace/src/stack_zone_specification.dart:114:42)
<asynchronous suspension>
To silence this warning, pass "warnIfMissed: false" to "tap()".
To make this warning fatal, set WidgetController.hitTestWarningShouldBeFatal to true.

══╡ EXCEPTION CAUGHT BY RENDERING LIBRARY ╞═════════════════════════════════════════════════════════
The following assertion was thrown during layout:
A RenderFlex overflowed by 16 pixels on the right.

The overflowing RenderFlex has an orientation of Axis.horizontal.
The edge of the RenderFlex that is overflowing has been marked in the rendering with a yellow and
black striped pattern. This is usually caused by the contents being too big for the RenderFlex.
Consider applying a flex factor (e.g. using an Expanded widget) to force the children of the
RenderFlex to fit within the available space instead of being sized to their natural size.
This is considered an error condition because it indicates that there is content that cannot be
seen. If the content is legitimately bigger than the available space, consider clipping it with a
ClipRect widget before putting it in the flex, or using a scrollable container rather than a Flex,
like a ListView.
The specific RenderFlex in question is: RenderFlex#2d3bf DISPOSED OVERFLOWING:
  creator: MultiChildRenderObjectElement#38bf8(DEFUNCT) ←
    SingleChildRenderObjectElement#1b9c1(DEFUNCT) ← SingleChildRenderObjectElement#6abea(DEFUNCT) ←
    SingleChildRenderObjectElement#41d7c(DEFUNCT) ← StatefulElement#54d5c(DEFUNCT) ←
    StatelessElement#66c9a(DEFUNCT) ← SingleChildRenderObjectElement#abf10(DEFUNCT) ←
    InheritedElement#a4a4c(DEFUNCT) ← StatelessElement#9f0a1(DEFUNCT) ←
    SingleChildRenderObjectElement#b51fc(DEFUNCT) ← SingleChildRenderObjectElement#d3364(DEFUNCT) ←
    _InheritedNotifierElement<FocusNode>#90709(DEFUNCT) ← ⋯
  parentData: offset=Offset(0.0, 3.0) (can use size)
  constraints: BoxConstraints(0.0<=w<=222.0, 0.0<=h<=Infinity)
  size: Size(222.0, 14.0)
  direction: horizontal
  mainAxisAlignment: center
  mainAxisSize: min
  crossAxisAlignment: center
  textDirection: ltr
  verticalDirection: down
  spacing: 0.0
◢◤◢◤◢◤◢◤◢◤◢◤◢◤◢◤◢◤◢◤◢◤◢◤◢◤◢◤◢◤◢◤◢◤◢◤◢◤◢◤◢◤◢◤◢◤◢◤◢◤◢◤◢◤◢◤◢◤◢◤◢◤◢◤◢◤◢◤◢◤◢◤◢◤◢◤◢◤◢◤◢◤◢◤◢◤◢◤◢◤◢◤◢◤◢◤◢◤◢◤
════════════════════════════════════════════════════════════════════════════════════════════════════
00:12 +4 -4: C:/Users/garyj/OneDrive/Desktop/SWEN661/Team4/Team-4-SWEN-661-Spring-2026/apps/mobile_flutter/test/pages/header_voice_button_test.dart: HeaderVoiceButton interactions Tapping mic opens popover
00:12 +4 -4: C:/Users/garyj/OneDrive/Desktop/SWEN661/Team4/Team-4-SWEN-661-Spring-2026/apps/mobile_flutter/test/pages/emergency_flow_test.dart: EmergencyPage SOS flow After activation, tapping SOS again does nothing (no confirm) [E]
  Test failed. See exception logs above.
  The test description was: After activation, tapping SOS again does nothing (no confirm)
  
══╡ EXCEPTION CAUGHT BY WIDGET INSPECTOR ╞══════════════════════════════════════════════════════════
The following assertion was thrown:
Looking up a deactivated widget's ancestor is unsafe.
At this point the state of the widget's element tree is no longer stable.
To safely refer to a widget's ancestor in its dispose() method, save a reference to the ancestor by
calling dependOnInheritedWidgetOfExactType() in the widget's didChangeDependencies() method.

When the exception was thrown, this was the stack:
#0      Element._debugCheckStateIsActiveForAncestorLookup.<anonymous closure> (package:flutter/src/widgets/framework.dart:5052:9)
#1      Element._debugCheckStateIsActiveForAncestorLookup (package:flutter/src/widgets/framework.dart:5066:6)
#2      Element.visitAncestorElements (package:flutter/src/widgets/framework.dart:5177:12)
#3      _describeRelevantUserCode (package:flutter/src/widgets/widget_inspector.dart:4244:13)
#4      _parseDiagnosticsNode (package:flutter/src/widgets/widget_inspector.dart:4163:12)
#5      debugTransformDebugCreator (package:flutter/src/widgets/widget_inspector.dart:4142:21)
#6      _FlutterErrorDetailsNode.builder (package:flutter/src/foundation/assertions.dart:1310:31)
#7      DiagnosticableNode.getProperties (package:flutter/src/foundation/diagnostics.dart:2945:68)
#8      TextTreeRenderer._debugRender (package:flutter/src/foundation/diagnostics.dart:1270:63)
#9      TextTreeRenderer.render (package:flutter/src/foundation/diagnostics.dart:1137:14)
#10     FlutterError.dumpErrorToConsole (package:flutter/src/foundation/assertions.dart:1040:13)
#11     _defaultTestExceptionReporter (package:flutter_test/src/test_exception_reporter.dart:29:16)
#12     TestWidgetsFlutterBinding._createTestCompletionHandler.<anonymous closure> (package:flutter_test/src/binding.dart:821:28)
<asynchronous suspension>
(elided 8 frames from dart:async and package:stack_trace)

This exception was caught while trying to describe the user-relevant code of another error.
════════════════════════════════════════════════════════════════════════════════════════════════════
══╡ EXCEPTION CAUGHT BY WIDGET INSPECTOR ╞══════════════════════════════════════════════════════════
The following assertion was thrown:
Looking up a deactivated widget's ancestor is unsafe.
At this point the state of the widget's element tree is no longer stable.
To safely refer to a widget's ancestor in its dispose() method, save a reference to the ancestor by
calling dependOnInheritedWidgetOfExactType() in the widget's didChangeDependencies() method.

When the exception was thrown, this was the stack:
#0      Element._debugCheckStateIsActiveForAncestorLookup.<anonymous closure> (package:flutter/src/widgets/framework.dart:5052:9)
#1      Element._debugCheckStateIsActiveForAncestorLookup (package:flutter/src/widgets/framework.dart:5066:6)
#2      Element.visitAncestorElements (package:flutter/src/widgets/framework.dart:5177:12)
#3      _describeRelevantUserCode (package:flutter/src/widgets/widget_inspector.dart:4244:13)
#4      _parseDiagnosticsNode (package:flutter/src/widgets/widget_inspector.dart:4163:12)
#5      debugTransformDebugCreator (package:flutter/src/widgets/widget_inspector.dart:4142:21)
#6      _FlutterErrorDetailsNode.builder (package:flutter/src/foundation/assertions.dart:1310:31)
#7      DiagnosticableNode.emptyBodyDescription (package:flutter/src/foundation/diagnostics.dart:2941:45)
#8      TextTreeRenderer._debugRender (package:flutter/src/foundation/diagnostics.dart:1307:14)
#9      TextTreeRenderer.render (package:flutter/src/foundation/diagnostics.dart:1137:14)
#10     FlutterError.dumpErrorToConsole (package:flutter/src/foundation/assertions.dart:1040:13)
#11     _defaultTestExceptionReporter (package:flutter_test/src/test_exception_reporter.dart:29:16)
#12     TestWidgetsFlutterBinding._createTestCompletionHandler.<anonymous closure> (package:flutter_test/src/binding.dart:821:28)
<asynchronous suspension>
(elided 8 frames from dart:async and package:stack_trace)

This exception was caught while trying to describe the user-relevant code of another error.
════════════════════════════════════════════════════════════════════════════════════════════════════
00:12 +5 -4: C:/Users/garyj/OneDrive/Desktop/SWEN661/Team4/Team-4-SWEN-661-Spring-2026/apps/mobile_flutter/test/pages/login_page_test.dart: LoginPage renders correctly
00:13 +6 -4: C:/Users/garyj/OneDrive/Desktop/SWEN661/Team4/Team-4-SWEN-661-Spring-2026/apps/mobile_flutter/test/pages/login_page_test.dart: LoginPage renders correctly
00:14 +7 -4: C:/Users/garyj/OneDrive/Desktop/SWEN661/Team4/Team-4-SWEN-661-Spring-2026/apps/mobile_flutter/test/pages/login_page_test.dart: LoginPage renders correctly
00:14 +7 -4: C:/Users/garyj/OneDrive/Desktop/SWEN661/Team4/Team-4-SWEN-661-Spring-2026/apps/mobile_flutter/test/pages/emergency_flow_test.dart: EmergencyPage SOS flow Call contact button exists (phone icon)
══╡ EXCEPTION CAUGHT BY FLUTTER TEST FRAMEWORK ╞════════════════════════════════════════════════════
The following TestFailure was thrown running a test:
Expected: at least one matching candidate
  Actual: _IconWidgetFinder:<Found 0 widgets with icon "IconData(U+0E4A2)": []>
   Which: means none were found but some were expected

When the exception was thrown, this was the stack:
#4      main.<anonymous closure>.<anonymous closure> (file:///C:/Users/garyj/OneDrive/Desktop/SWEN661/Team4/Team-4-SWEN-661-Spring-2026/apps/mobile_flutter/test/pages/emergency_flow_test.dart:69:7)
<asynchronous suspension>
#5      testWidgets.<anonymous closure>.<anonymous closure> (package:flutter_test/src/widget_tester.dart:192:15)
<asynchronous suspension>
#6      TestWidgetsFlutterBinding._runTestBody (package:flutter_test/src/binding.dart:1059:5)
<asynchronous suspension>
<asynchronous suspension>
(elided one frame from package:stack_trace)

This was caught by the test expectation on the following line:
  file:///C:/Users/garyj/OneDrive/Desktop/SWEN661/Team4/Team-4-SWEN-661-Spring-2026/apps/mobile_flutter/test/pages/emergency_flow_test.dart line 69
The test description was:
  Call contact button exists (phone icon)
════════════════════════════════════════════════════════════════════════════════════════════════════
00:14 +7 -5: C:/Users/garyj/OneDrive/Desktop/SWEN661/Team4/Team-4-SWEN-661-Spring-2026/apps/mobile_flutter/test/pages/login_page_test.dart: LoginPage renders correctly
00:14 +7 -5: C:/Users/garyj/OneDrive/Desktop/SWEN661/Team4/Team-4-SWEN-661-Spring-2026/apps/mobile_flutter/test/pages/emergency_flow_test.dart: EmergencyPage SOS flow Call contact button exists (phone icon) [E]
  Test failed. See exception logs above.
  The test description was: Call contact button exists (phone icon)
  
00:14 +8 -5: C:/Users/garyj/OneDrive/Desktop/SWEN661/Team4/Team-4-SWEN-661-Spring-2026/apps/mobile_flutter/test/pages/login_page_test.dart: LoginPage renders correctly
00:15 +9 -5: C:/Users/garyj/OneDrive/Desktop/SWEN661/Team4/Team-4-SWEN-661-Spring-2026/apps/mobile_flutter/test/pages/login_validation_test.dart: LoginPage: validation & interaction renders email + password fields by Key
00:17 +9 -5: C:/Users/garyj/OneDrive/Desktop/SWEN661/Team4/Team-4-SWEN-661-Spring-2026/apps/mobile_flutter/test/pages/header_voice_button_test.dart: HeaderVoiceButton interactions Bottom sheet toggle changes button label
══╡ EXCEPTION CAUGHT BY FLUTTER TEST FRAMEWORK ╞════════════════════════════════════════════════════
The following assertion was thrown running a test:
The finder "Found 0 widgets with type "ElevatedButton": []" (used in a call to "tap()") could not
find any matching widgets.

When the exception was thrown, this was the stack:
#0      WidgetController._getElementPoint (package:flutter_test/src/controller.dart:2013:7)
#1      WidgetController.getCenter (package:flutter_test/src/controller.dart:1865:12)
#2      WidgetController.tap (package:flutter_test/src/controller.dart:1045:7)
#3      main.<anonymous closure>.<anonymous closure> (file:///C:/Users/garyj/OneDrive/Desktop/SWEN661/Team4/Team-4-SWEN-661-Spring-2026/apps/mobile_flutter/test/pages/header_voice_button_test.dart:104:20)
<asynchronous suspension>
#4      testWidgets.<anonymous closure>.<anonymous closure> (package:flutter_test/src/widget_tester.dart:192:15)
<asynchronous suspension>
#5      TestWidgetsFlutterBinding._runTestBody (package:flutter_test/src/binding.dart:1059:5)
<asynchronous suspension>
<asynchronous suspension>
(elided one frame from package:stack_trace)

The test description was:
  Bottom sheet toggle changes button label
════════════════════════════════════════════════════════════════════════════════════════════════════
00:17 +9 -6: C:/Users/garyj/OneDrive/Desktop/SWEN661/Team4/Team-4-SWEN-661-Spring-2026/apps/mobile_flutter/test/pages/login_validation_test.dart: LoginPage: validation & interaction renders email + password fields by Key
00:17 +9 -6: C:/Users/garyj/OneDrive/Desktop/SWEN661/Team4/Team-4-SWEN-661-Spring-2026/apps/mobile_flutter/test/pages/header_voice_button_test.dart: HeaderVoiceButton interactions Bottom sheet toggle changes button label [E]
  Test failed. See exception logs above.
  The test description was: Bottom sheet toggle changes button label
  
00:18 +9 -6: C:/Users/garyj/OneDrive/Desktop/SWEN661/Team4/Team-4-SWEN-661-Spring-2026/apps/mobile_flutter/test/pages/login_validation_test.dart: LoginPage: validation & interaction renders email + password fields by Key
══╡ EXCEPTION CAUGHT BY FLUTTER TEST FRAMEWORK ╞════════════════════════════════════════════════════
The following TestFailure was thrown running a test:
Expected: exactly one matching candidate
  Actual: _KeyWidgetFinder:<Found 0 widgets with key [<'login-email'>]: []>
   Which: means none were found but one was expected

When the exception was thrown, this was the stack:
#4      main.<anonymous closure>.<anonymous closure> (file:///C:/Users/garyj/OneDrive/Desktop/SWEN661/Team4/Team-4-SWEN-661-Spring-2026/apps/mobile_flutter/test/pages/login_validation_test.dart:13:7)
<asynchronous suspension>
#5      testWidgets.<anonymous closure>.<anonymous closure> (package:flutter_test/src/widget_tester.dart:192:15)
<asynchronous suspension>
#6      TestWidgetsFlutterBinding._runTestBody (package:flutter_test/src/binding.dart:1059:5)
<asynchronous suspension>
<asynchronous suspension>
(elided one frame from package:stack_trace)

This was caught by the test expectation on the following line:
  file:///C:/Users/garyj/OneDrive/Desktop/SWEN661/Team4/Team-4-SWEN-661-Spring-2026/apps/mobile_flutter/test/pages/login_validation_test.dart line 13
The test description was:
  renders email + password fields by Key
════════════════════════════════════════════════════════════════════════════════════════════════════
00:18 +9 -7: C:/Users/garyj/OneDrive/Desktop/SWEN661/Team4/Team-4-SWEN-661-Spring-2026/apps/mobile_flutter/test/pages/medications_page_test.dart: MedicationsPage renders correctly
00:18 +9 -7: C:/Users/garyj/OneDrive/Desktop/SWEN661/Team4/Team-4-SWEN-661-Spring-2026/apps/mobile_flutter/test/pages/login_validation_test.dart: LoginPage: validation & interaction renders email + password fields by Key [E]
  Test failed. See exception logs above.
  The test description was: renders email + password fields by Key
  
00:18 +10 -7: C:/Users/garyj/OneDrive/Desktop/SWEN661/Team4/Team-4-SWEN-661-Spring-2026/apps/mobile_flutter/test/pages/messages_page_test.dart: MessagesPage renders correctly
00:19 +10 -7: C:/Users/garyj/OneDrive/Desktop/SWEN661/Team4/Team-4-SWEN-661-Spring-2026/apps/mobile_flutter/test/pages/login_validation_test.dart: LoginPage: validation & interaction submit with empty fields shows validation message
══╡ EXCEPTION CAUGHT BY FLUTTER TEST FRAMEWORK ╞════════════════════════════════════════════════════
The following assertion was thrown running a test:
The finder "Found 0 widgets with key [<'login-submit'>]: []" (used in a call to "tap()") could not
find any matching widgets.

When the exception was thrown, this was the stack:
#0      WidgetController._getElementPoint (package:flutter_test/src/controller.dart:2013:7)
#1      WidgetController.getCenter (package:flutter_test/src/controller.dart:1865:12)
#2      WidgetController.tap (package:flutter_test/src/controller.dart:1045:7)
#3      main.<anonymous closure>.<anonymous closure> (file:///C:/Users/garyj/OneDrive/Desktop/SWEN661/Team4/Team-4-SWEN-661-Spring-2026/apps/mobile_flutter/test/pages/login_validation_test.dart:22:20)
<asynchronous suspension>
#4      testWidgets.<anonymous closure>.<anonymous closure> (package:flutter_test/src/widget_tester.dart:192:15)
<asynchronous suspension>
#5      TestWidgetsFlutterBinding._runTestBody (package:flutter_test/src/binding.dart:1059:5)
<asynchronous suspension>
<asynchronous suspension>
(elided one frame from package:stack_trace)

The test description was:
  submit with empty fields shows validation message
════════════════════════════════════════════════════════════════════════════════════════════════════
00:19 +10 -8: C:/Users/garyj/OneDrive/Desktop/SWEN661/Team4/Team-4-SWEN-661-Spring-2026/apps/mobile_flutter/test/pages/messages_page_test.dart: MessagesPage renders correctly
00:19 +10 -8: C:/Users/garyj/OneDrive/Desktop/SWEN661/Team4/Team-4-SWEN-661-Spring-2026/apps/mobile_flutter/test/pages/login_validation_test.dart: LoginPage: validation & interaction submit with empty fields shows validation message [E]
  Test failed. See exception logs above.
  The test description was: submit with empty fields shows validation message
  
00:20 +11 -8: C:/Users/garyj/OneDrive/Desktop/SWEN661/Team4/Team-4-SWEN-661-Spring-2026/apps/mobile_flutter/test/pages/pages_smoke_test.dart: Smoke: pages render LoginPage renders
00:21 +11 -8: C:/Users/garyj/OneDrive/Desktop/SWEN661/Team4/Team-4-SWEN-661-Spring-2026/apps/mobile_flutter/test/pages/login_validation_test.dart: LoginPage: validation & interaction invalid email shows validation error
══╡ EXCEPTION CAUGHT BY FLUTTER TEST FRAMEWORK ╞════════════════════════════════════════════════════
The following StateError was thrown running a test:
Bad state: No element

When the exception was thrown, this was the stack:
#0      Iterable.single (dart:core/iterable.dart:694:25)
#1      WidgetController.state (package:flutter_test/src/controller.dart:912:42)
#2      WidgetTester.showKeyboard.<anonymous closure> (package:flutter_test/src/widget_tester.dart:1125:42)
#5      TestAsyncUtils.guard (package:flutter_test/src/test_async_utils.dart:74:41)
#6      WidgetTester.showKeyboard (package:flutter_test/src/widget_tester.dart:1124:27)
#7      WidgetTester.enterText.<anonymous closure> (package:flutter_test/src/widget_tester.dart:1160:13)
#10     TestAsyncUtils.guard (package:flutter_test/src/test_async_utils.dart:74:41)
#11     WidgetTester.enterText (package:flutter_test/src/widget_tester.dart:1159:27)
#12     main.<anonymous closure>.<anonymous closure> (file:///C:/Users/garyj/OneDrive/Desktop/SWEN661/Team4/Team-4-SWEN-661-Spring-2026/apps/mobile_flutter/test/pages/login_validation_test.dart:33:20)
<asynchronous suspension>
#13     testWidgets.<anonymous closure>.<anonymous closure> (package:flutter_test/src/widget_tester.dart:192:15)
<asynchronous suspension>
#14     TestWidgetsFlutterBinding._runTestBody (package:flutter_test/src/binding.dart:1059:5)
<asynchronous suspension>
<asynchronous suspension>
(elided 5 frames from dart:async and package:stack_trace)

The test description was:
  invalid email shows validation error
════════════════════════════════════════════════════════════════════════════════════════════════════
00:21 +11 -9: C:/Users/garyj/OneDrive/Desktop/SWEN661/Team4/Team-4-SWEN-661-Spring-2026/apps/mobile_flutter/test/pages/pages_smoke_test.dart: Smoke: pages render LoginPage renders
00:21 +11 -9: C:/Users/garyj/OneDrive/Desktop/SWEN661/Team4/Team-4-SWEN-661-Spring-2026/apps/mobile_flutter/test/pages/login_validation_test.dart: LoginPage: validation & interaction invalid email shows validation error [E]
  Test failed. See exception logs above.
  The test description was: invalid email shows validation error
  
00:21 +12 -9: C:/Users/garyj/OneDrive/Desktop/SWEN661/Team4/Team-4-SWEN-661-Spring-2026/apps/mobile_flutter/test/pages/patient_checkin_page_test.dart: PatientCheckInPage renders correctly
00:22 +12 -9: C:/Users/garyj/OneDrive/Desktop/SWEN661/Team4/Team-4-SWEN-661-Spring-2026/apps/mobile_flutter/test/pages/login_validation_test.dart: LoginPage: validation & interaction typing in fields updates TextField values
══╡ EXCEPTION CAUGHT BY FLUTTER TEST FRAMEWORK ╞════════════════════════════════════════════════════
The following StateError was thrown running a test:
Bad state: No element

When the exception was thrown, this was the stack:
#0      Iterable.single (dart:core/iterable.dart:694:25)
#1      WidgetController.state (package:flutter_test/src/controller.dart:912:42)
#2      WidgetTester.showKeyboard.<anonymous closure> (package:flutter_test/src/widget_tester.dart:1125:42)
#5      TestAsyncUtils.guard (package:flutter_test/src/test_async_utils.dart:74:41)
#6      WidgetTester.showKeyboard (package:flutter_test/src/widget_tester.dart:1124:27)
#7      WidgetTester.enterText.<anonymous closure> (package:flutter_test/src/widget_tester.dart:1160:13)
#10     TestAsyncUtils.guard (package:flutter_test/src/test_async_utils.dart:74:41)
#11     WidgetTester.enterText (package:flutter_test/src/widget_tester.dart:1159:27)
#12     main.<anonymous closure>.<anonymous closure> (file:///C:/Users/garyj/OneDrive/Desktop/SWEN661/Team4/Team-4-SWEN-661-Spring-2026/apps/mobile_flutter/test/pages/login_validation_test.dart:45:20)
<asynchronous suspension>
#13     testWidgets.<anonymous closure>.<anonymous closure> (package:flutter_test/src/widget_tester.dart:192:15)
<asynchronous suspension>
#14     TestWidgetsFlutterBinding._runTestBody (package:flutter_test/src/binding.dart:1059:5)
<asynchronous suspension>
<asynchronous suspension>
(elided 5 frames from dart:async and package:stack_trace)

The test description was:
  typing in fields updates TextField values
════════════════════════════════════════════════════════════════════════════════════════════════════
00:22 +12 -10: C:/Users/garyj/OneDrive/Desktop/SWEN661/Team4/Team-4-SWEN-661-Spring-2026/apps/mobile_flutter/test/pages/patient_checkin_page_test.dart: PatientCheckInPage renders correctly
00:22 +12 -10: C:/Users/garyj/OneDrive/Desktop/SWEN661/Team4/Team-4-SWEN-661-Spring-2026/apps/mobile_flutter/test/pages/login_validation_test.dart: LoginPage: validation & interaction typing in fields updates TextField values [E]
  Test failed. See exception logs above.
  The test description was: typing in fields updates TextField values
  
00:22 +13 -10: C:/Users/garyj/OneDrive/Desktop/SWEN661/Team4/Team-4-SWEN-661-Spring-2026/apps/mobile_flutter/test/pages/patient_checkin_page_test.dart: PatientCheckInPage renders correctly
00:23 +14 -10: C:/Users/garyj/OneDrive/Desktop/SWEN661/Team4/Team-4-SWEN-661-Spring-2026/apps/mobile_flutter/test/pages/patient_dashboard_test.dart: PatientDashboard renders correctly
00:23 +15 -10: C:/Users/garyj/OneDrive/Desktop/SWEN661/Team4/Team-4-SWEN-661-Spring-2026/apps/mobile_flutter/test/pages/patient_dashboard_test.dart: PatientDashboard renders correctly
00:23 +15 -10: C:/Users/garyj/OneDrive/Desktop/SWEN661/Team4/Team-4-SWEN-661-Spring-2026/apps/mobile_flutter/test/pages/login_validation_test.dart: LoginPage: validation & interaction forgot password button exists + can be tapped
══╡ EXCEPTION CAUGHT BY FLUTTER TEST FRAMEWORK ╞════════════════════════════════════════════════════
The following TestFailure was thrown running a test:
Expected: exactly one matching candidate
  Actual: _KeyWidgetFinder:<Found 0 widgets with key [<'login-forgot'>]: []>
   Which: means none were found but one was expected

When the exception was thrown, this was the stack:
#4      main.<anonymous closure>.<anonymous closure> (file:///C:/Users/garyj/OneDrive/Desktop/SWEN661/Team4/Team-4-SWEN-661-Spring-2026/apps/mobile_flutter/test/pages/login_validation_test.dart:59:7)
<asynchronous suspension>
#5      testWidgets.<anonymous closure>.<anonymous closure> (package:flutter_test/src/widget_tester.dart:192:15)
<asynchronous suspension>
#6      TestWidgetsFlutterBinding._runTestBody (package:flutter_test/src/binding.dart:1059:5)
<asynchronous suspension>
<asynchronous suspension>
(elided one frame from package:stack_trace)

This was caught by the test expectation on the following line:
  file:///C:/Users/garyj/OneDrive/Desktop/SWEN661/Team4/Team-4-SWEN-661-Spring-2026/apps/mobile_flutter/test/pages/login_validation_test.dart line 59
The test description was:
  forgot password button exists + can be tapped
════════════════════════════════════════════════════════════════════════════════════════════════════
00:23 +15 -11: C:/Users/garyj/OneDrive/Desktop/SWEN661/Team4/Team-4-SWEN-661-Spring-2026/apps/mobile_flutter/test/pages/patient_dashboard_test.dart: PatientDashboard renders correctly
00:23 +15 -11: C:/Users/garyj/OneDrive/Desktop/SWEN661/Team4/Team-4-SWEN-661-Spring-2026/apps/mobile_flutter/test/pages/login_validation_test.dart: LoginPage: validation & interaction forgot password button exists + can be tapped [E]
  Test failed. See exception logs above.
  The test description was: forgot password button exists + can be tapped
  
00:24 +16 -11: C:/Users/garyj/OneDrive/Desktop/SWEN661/Team4/Team-4-SWEN-661-Spring-2026/apps/mobile_flutter/test/pages/patient_dashboard_test.dart: PatientDashboard renders correctly
00:25 +17 -11: C:/Users/garyj/OneDrive/Desktop/SWEN661/Team4/Team-4-SWEN-661-Spring-2026/apps/mobile_flutter/test/pages/profile_page_test.dart: ProfilePage renders correctly
00:25 +17 -11: C:/Users/garyj/OneDrive/Desktop/SWEN661/Team4/Team-4-SWEN-661-Spring-2026/apps/mobile_flutter/test/pages/login_validation_test.dart: LoginPage: validation & interaction register button exists + can be tapped
══╡ EXCEPTION CAUGHT BY FLUTTER TEST FRAMEWORK ╞════════════════════════════════════════════════════
The following TestFailure was thrown running a test:
Expected: exactly one matching candidate
  Actual: _KeyWidgetFinder:<Found 0 widgets with key [<'login-register'>]: []>
   Which: means none were found but one was expected

When the exception was thrown, this was the stack:
#4      main.<anonymous closure>.<anonymous closure> (file:///C:/Users/garyj/OneDrive/Desktop/SWEN661/Team4/Team-4-SWEN-661-Spring-2026/apps/mobile_flutter/test/pages/login_validation_test.dart:69:7)
<asynchronous suspension>
#5      testWidgets.<anonymous closure>.<anonymous closure> (package:flutter_test/src/widget_tester.dart:192:15)
<asynchronous suspension>
#6      TestWidgetsFlutterBinding._runTestBody (package:flutter_test/src/binding.dart:1059:5)
<asynchronous suspension>
<asynchronous suspension>
(elided one frame from package:stack_trace)

This was caught by the test expectation on the following line:
  file:///C:/Users/garyj/OneDrive/Desktop/SWEN661/Team4/Team-4-SWEN-661-Spring-2026/apps/mobile_flutter/test/pages/login_validation_test.dart line 69
The test description was:
  register button exists + can be tapped
════════════════════════════════════════════════════════════════════════════════════════════════════
00:25 +18 -11: C:/Users/garyj/OneDrive/Desktop/SWEN661/Team4/Team-4-SWEN-661-Spring-2026/apps/mobile_flutter/test/pages/profile_page_test.dart: ProfilePage renders correctly
00:25 +18 -12: C:/Users/garyj/OneDrive/Desktop/SWEN661/Team4/Team-4-SWEN-661-Spring-2026/apps/mobile_flutter/test/pages/profile_page_test.dart: ProfilePage renders correctly
00:25 +18 -12: C:/Users/garyj/OneDrive/Desktop/SWEN661/Team4/Team-4-SWEN-661-Spring-2026/apps/mobile_flutter/test/pages/login_validation_test.dart: LoginPage: validation & interaction register button exists + can be tapped [E]
  Test failed. See exception logs above.
  The test description was: register button exists + can be tapped
  
00:26 +19 -12: C:/Users/garyj/OneDrive/Desktop/SWEN661/Team4/Team-4-SWEN-661-Spring-2026/apps/mobile_flutter/test/pages/profile_page_test.dart: ProfilePage renders correctly
00:26 +20 -12: C:/Users/garyj/OneDrive/Desktop/SWEN661/Team4/Team-4-SWEN-661-Spring-2026/apps/mobile_flutter/test/pages/router_navigation_test.dart: Caregiver routes build
00:26 +21 -12: C:/Users/garyj/OneDrive/Desktop/SWEN661/Team4/Team-4-SWEN-661-Spring-2026/apps/mobile_flutter/test/pages/router_navigation_test.dart: Caregiver routes build
00:26 +22 -12: C:/Users/garyj/OneDrive/Desktop/SWEN661/Team4/Team-4-SWEN-661-Spring-2026/apps/mobile_flutter/test/pages/router_navigation_test.dart: Caregiver routes build
00:27 +23 -12: C:/Users/garyj/OneDrive/Desktop/SWEN661/Team4/Team-4-SWEN-661-Spring-2026/apps/mobile_flutter/test/pages/router_navigation_test.dart: Caregiver routes build
00:28 +24 -12: C:/Users/garyj/OneDrive/Desktop/SWEN661/Team4/Team-4-SWEN-661-Spring-2026/apps/mobile_flutter/test/pages/router_navigation_test.dart: Caregiver routes build
══╡ EXCEPTION CAUGHT BY FLUTTER TEST FRAMEWORK ╞════════════════════════════════════════════════════
The following assertion was thrown running a test:
No GoRouter found in context
'package:go_router/src/router.dart':
Failed assertion: line 521 pos 12: 'inherited != null'

When the exception was thrown, this was the stack:
#2      GoRouter.of (package:go_router/src/router.dart:521:12)
#3      main.<anonymous closure> (file:///C:/Users/garyj/OneDrive/Desktop/SWEN661/Team4/Team-4-SWEN-661-Spring-2026/apps/mobile_flutter/test/pages/router_navigation_test.dart:32:29)
<asynchronous suspension>
#4      testWidgets.<anonymous closure>.<anonymous closure> (package:flutter_test/src/widget_tester.dart:192:15)
<asynchronous suspension>
#5      TestWidgetsFlutterBinding._runTestBody (package:flutter_test/src/binding.dart:1059:5)
<asynchronous suspension>
<asynchronous suspension>
(elided 3 frames from class _AssertionError and package:stack_trace)

The test description was:
  Caregiver routes build
════════════════════════════════════════════════════════════════════════════════════════════════════
00:28 +24 -13: C:/Users/garyj/OneDrive/Desktop/SWEN661/Team4/Team-4-SWEN-661-Spring-2026/apps/mobile_flutter/test/pages/settings_emergency_interactions_test.dart: Settings + Emergency: interactions Settings: Vision Theme section opens
00:28 +24 -13: C:/Users/garyj/OneDrive/Desktop/SWEN661/Team4/Team-4-SWEN-661-Spring-2026/apps/mobile_flutter/test/pages/router_navigation_test.dart: Caregiver routes build [E]
  Test failed. See exception logs above.
  The test description was: Caregiver routes build
  
00:30 +24 -13: C:/Users/garyj/OneDrive/Desktop/SWEN661/Team4/Team-4-SWEN-661-Spring-2026/apps/mobile_flutter/test/pages/router_navigation_test.dart: Patient routes build
══╡ EXCEPTION CAUGHT BY FLUTTER TEST FRAMEWORK ╞════════════════════════════════════════════════════
The following assertion was thrown running a test:
No GoRouter found in context
'package:go_router/src/router.dart':
Failed assertion: line 521 pos 12: 'inherited != null'

When the exception was thrown, this was the stack:
#2      GoRouter.of (package:go_router/src/router.dart:521:12)
#3      main.<anonymous closure> (file:///C:/Users/garyj/OneDrive/Desktop/SWEN661/Team4/Team-4-SWEN-661-Spring-2026/apps/mobile_flutter/test/pages/router_navigation_test.dart:56:29)
<asynchronous suspension>
#4      testWidgets.<anonymous closure>.<anonymous closure> (package:flutter_test/src/widget_tester.dart:192:15)
<asynchronous suspension>
#5      TestWidgetsFlutterBinding._runTestBody (package:flutter_test/src/binding.dart:1059:5)
<asynchronous suspension>
<asynchronous suspension>
(elided 3 frames from class _AssertionError and package:stack_trace)

The test description was:
  Patient routes build
════════════════════════════════════════════════════════════════════════════════════════════════════
00:30 +24 -14: C:/Users/garyj/OneDrive/Desktop/SWEN661/Team4/Team-4-SWEN-661-Spring-2026/apps/mobile_flutter/test/pages/settings_emergency_interactions_test.dart: Settings + Emergency: interactions Settings: Vision Theme section opens
00:30 +24 -14: C:/Users/garyj/OneDrive/Desktop/SWEN661/Team4/Team-4-SWEN-661-Spring-2026/apps/mobile_flutter/test/pages/router_navigation_test.dart: Patient routes build [E]
  Test failed. See exception logs above.
  The test description was: Patient routes build
  
00:31 +24 -14: C:/Users/garyj/OneDrive/Desktop/SWEN661/Team4/Team-4-SWEN-661-Spring-2026/apps/mobile_flutter/test/pages/settings_emergency_interactions_test.dart: Settings + Emergency: interactions Settings: Vision Theme section opens
══╡ EXCEPTION CAUGHT BY FLUTTER TEST FRAMEWORK ╞════════════════════════════════════════════════════
The following assertion was thrown running a test:
The finder "Found 0 widgets with key [<'settings-vision-trigger'>]: []" (used in a call to "tap()")
could not find any matching widgets.

When the exception was thrown, this was the stack:
#0      WidgetController._getElementPoint (package:flutter_test/src/controller.dart:2013:7)
#1      WidgetController.getCenter (package:flutter_test/src/controller.dart:1865:12)
#2      WidgetController.tap (package:flutter_test/src/controller.dart:1045:7)
#3      main.<anonymous closure>.<anonymous closure> (file:///C:/Users/garyj/OneDrive/Desktop/SWEN661/Team4/Team-4-SWEN-661-Spring-2026/apps/mobile_flutter/test/pages/settings_emergency_interactions_test.dart:16:20)
<asynchronous suspension>
#4      testWidgets.<anonymous closure>.<anonymous closure> (package:flutter_test/src/widget_tester.dart:192:15)
<asynchronous suspension>
#5      TestWidgetsFlutterBinding._runTestBody (package:flutter_test/src/binding.dart:1059:5)
<asynchronous suspension>
<asynchronous suspension>
(elided one frame from package:stack_trace)

The test description was:
  Settings: Vision Theme section opens
════════════════════════════════════════════════════════════════════════════════════════════════════
00:31 +24 -15: C:/Users/garyj/OneDrive/Desktop/SWEN661/Team4/Team-4-SWEN-661-Spring-2026/apps/mobile_flutter/test/pages/settings_page_test.dart: SettingsPage renders correctly
00:31 +24 -15: C:/Users/garyj/OneDrive/Desktop/SWEN661/Team4/Team-4-SWEN-661-Spring-2026/apps/mobile_flutter/test/pages/settings_emergency_interactions_test.dart: Settings + Emergency: interactions Settings: Vision Theme section opens [E]
  Test failed. See exception logs above.
  The test description was: Settings: Vision Theme section opens
  
00:31 +25 -15: C:/Users/garyj/OneDrive/Desktop/SWEN661/Team4/Team-4-SWEN-661-Spring-2026/apps/mobile_flutter/test/pages/symptoms_page_test.dart: SymptomsPage renders correctly
00:32 +25 -15: C:/Users/garyj/OneDrive/Desktop/SWEN661/Team4/Team-4-SWEN-661-Spring-2026/apps/mobile_flutter/test/pages/settings_emergency_interactions_test.dart: Settings + Emergency: interactions Settings: selecting Sepia changes controller
══╡ EXCEPTION CAUGHT BY FLUTTER TEST FRAMEWORK ╞════════════════════════════════════════════════════
The following assertion was thrown running a test:
The finder "Found 0 widgets with key [<'settings-vision-trigger'>]: []" (used in a call to "tap()")
could not find any matching widgets.

When the exception was thrown, this was the stack:
#0      WidgetController._getElementPoint (package:flutter_test/src/controller.dart:2013:7)
#1      WidgetController.getCenter (package:flutter_test/src/controller.dart:1865:12)
#2      WidgetController.tap (package:flutter_test/src/controller.dart:1045:7)
#3      main.<anonymous closure>.<anonymous closure> (file:///C:/Users/garyj/OneDrive/Desktop/SWEN661/Team4/Team-4-SWEN-661-Spring-2026/apps/mobile_flutter/test/pages/settings_emergency_interactions_test.dart:27:20)
<asynchronous suspension>
#4      testWidgets.<anonymous closure>.<anonymous closure> (package:flutter_test/src/widget_tester.dart:192:15)
<asynchronous suspension>
#5      TestWidgetsFlutterBinding._runTestBody (package:flutter_test/src/binding.dart:1059:5)
<asynchronous suspension>
<asynchronous suspension>
(elided one frame from package:stack_trace)

The test description was:
  Settings: selecting Sepia changes controller
════════════════════════════════════════════════════════════════════════════════════════════════════
00:32 +25 -16: C:/Users/garyj/OneDrive/Desktop/SWEN661/Team4/Team-4-SWEN-661-Spring-2026/apps/mobile_flutter/test/pages/symptoms_page_test.dart: SymptomsPage renders correctly
00:32 +25 -16: C:/Users/garyj/OneDrive/Desktop/SWEN661/Team4/Team-4-SWEN-661-Spring-2026/apps/mobile_flutter/test/pages/settings_emergency_interactions_test.dart: Settings + Emergency: interactions Settings: selecting Sepia changes controller [E]
  Test failed. See exception logs above.
  The test description was: Settings: selecting Sepia changes controller
  
00:33 +26 -16: C:/Users/garyj/OneDrive/Desktop/SWEN661/Team4/Team-4-SWEN-661-Spring-2026/apps/mobile_flutter/test/widgets/bottom_nav_test.dart: BottomNav expands and collapses
00:34 +26 -16: C:/Users/garyj/OneDrive/Desktop/SWEN661/Team4/Team-4-SWEN-661-Spring-2026/apps/mobile_flutter/test/pages/settings_emergency_interactions_test.dart: Settings + Emergency: interactions Settings: Text Size section opens
══╡ EXCEPTION CAUGHT BY FLUTTER TEST FRAMEWORK ╞════════════════════════════════════════════════════
The following assertion was thrown running a test:
The finder "Found 0 widgets with key [<'settings-textsize-trigger'>]: []" (used in a call to
"tap()") could not find any matching widgets.

When the exception was thrown, this was the stack:
#0      WidgetController._getElementPoint (package:flutter_test/src/controller.dart:2013:7)
#1      WidgetController.getCenter (package:flutter_test/src/controller.dart:1865:12)
#2      WidgetController.tap (package:flutter_test/src/controller.dart:1045:7)
#3      main.<anonymous closure>.<anonymous closure> (file:///C:/Users/garyj/OneDrive/Desktop/SWEN661/Team4/Team-4-SWEN-661-Spring-2026/apps/mobile_flutter/test/pages/settings_emergency_interactions_test.dart:40:20)
<asynchronous suspension>
#4      testWidgets.<anonymous closure>.<anonymous closure> (package:flutter_test/src/widget_tester.dart:192:15)
<asynchronous suspension>
#5      TestWidgetsFlutterBinding._runTestBody (package:flutter_test/src/binding.dart:1059:5)
<asynchronous suspension>
<asynchronous suspension>
(elided one frame from package:stack_trace)

The test description was:
  Settings: Text Size section opens
════════════════════════════════════════════════════════════════════════════════════════════════════
00:34 +26 -17: C:/Users/garyj/OneDrive/Desktop/SWEN661/Team4/Team-4-SWEN-661-Spring-2026/apps/mobile_flutter/test/widgets/bottom_nav_test.dart: BottomNav expands and collapses
00:34 +26 -17: C:/Users/garyj/OneDrive/Desktop/SWEN661/Team4/Team-4-SWEN-661-Spring-2026/apps/mobile_flutter/test/pages/settings_emergency_interactions_test.dart: Settings + Emergency: interactions Settings: Text Size section opens [E]
  Test failed. See exception logs above.
  The test description was: Settings: Text Size section opens
  
00:34 +27 -17: C:/Users/garyj/OneDrive/Desktop/SWEN661/Team4/Team-4-SWEN-661-Spring-2026/apps/mobile_flutter/test/widget_test.dart: App boots
00:34 +27 -17: C:/Users/garyj/OneDrive/Desktop/SWEN661/Team4/Team-4-SWEN-661-Spring-2026/apps/mobile_flutter/test/pages/settings_emergency_interactions_test.dart: Settings + Emergency: interactions Emergency: tapping SOS opens confirm sheet
══╡ EXCEPTION CAUGHT BY FLUTTER TEST FRAMEWORK ╞════════════════════════════════════════════════════
The following assertion was thrown running a test:
The finder "Found 0 widgets with key [<'emergency-sos'>]: []" (used in a call to "tap()") could not
find any matching widgets.

When the exception was thrown, this was the stack:
#0      WidgetController._getElementPoint (package:flutter_test/src/controller.dart:2013:7)
#1      WidgetController.getCenter (package:flutter_test/src/controller.dart:1865:12)
#2      WidgetController.tap (package:flutter_test/src/controller.dart:1045:7)
#3      main.<anonymous closure>.<anonymous closure> (file:///C:/Users/garyj/OneDrive/Desktop/SWEN661/Team4/Team-4-SWEN-661-Spring-2026/apps/mobile_flutter/test/pages/settings_emergency_interactions_test.dart:50:20)
<asynchronous suspension>
#4      testWidgets.<anonymous closure>.<anonymous closure> (package:flutter_test/src/widget_tester.dart:192:15)
<asynchronous suspension>
#5      TestWidgetsFlutterBinding._runTestBody (package:flutter_test/src/binding.dart:1059:5)
<asynchronous suspension>
<asynchronous suspension>
(elided one frame from package:stack_trace)

The test description was:
  Emergency: tapping SOS opens confirm sheet
════════════════════════════════════════════════════════════════════════════════════════════════════
00:34 +27 -18: C:/Users/garyj/OneDrive/Desktop/SWEN661/Team4/Team-4-SWEN-661-Spring-2026/apps/mobile_flutter/test/widget_test.dart: App boots
00:34 +27 -18: C:/Users/garyj/OneDrive/Desktop/SWEN661/Team4/Team-4-SWEN-661-Spring-2026/apps/mobile_flutter/test/pages/settings_emergency_interactions_test.dart: Settings + Emergency: interactions Emergency: tapping SOS opens confirm sheet [E]
  Test failed. See exception logs above.
  The test description was: Emergency: tapping SOS opens confirm sheet
  
00:35 +27 -18: C:/Users/garyj/OneDrive/Desktop/SWEN661/Team4/Team-4-SWEN-661-Spring-2026/apps/mobile_flutter/test/pages/settings_emergency_interactions_test.dart: Settings + Emergency: interactions Emergency: cancel closes confirm sheet
══╡ EXCEPTION CAUGHT BY FLUTTER TEST FRAMEWORK ╞════════════════════════════════════════════════════
The following assertion was thrown running a test:
The finder "Found 0 widgets with key [<'emergency-sos'>]: []" (used in a call to "tap()") could not
find any matching widgets.

When the exception was thrown, this was the stack:
#0      WidgetController._getElementPoint (package:flutter_test/src/controller.dart:2013:7)
#1      WidgetController.getCenter (package:flutter_test/src/controller.dart:1865:12)
#2      WidgetController.tap (package:flutter_test/src/controller.dart:1045:7)
#3      main.<anonymous closure>.<anonymous closure> (file:///C:/Users/garyj/OneDrive/Desktop/SWEN661/Team4/Team-4-SWEN-661-Spring-2026/apps/mobile_flutter/test/pages/settings_emergency_interactions_test.dart:62:20)
<asynchronous suspension>
#4      testWidgets.<anonymous closure>.<anonymous closure> (package:flutter_test/src/widget_tester.dart:192:15)
<asynchronous suspension>
#5      TestWidgetsFlutterBinding._runTestBody (package:flutter_test/src/binding.dart:1059:5)
<asynchronous suspension>
<asynchronous suspension>
(elided one frame from package:stack_trace)

The test description was:
  Emergency: cancel closes confirm sheet
════════════════════════════════════════════════════════════════════════════════════════════════════
00:35 +27 -19: C:/Users/garyj/OneDrive/Desktop/SWEN661/Team4/Team-4-SWEN-661-Spring-2026/apps/mobile_flutter/test/widget_test.dart: App boots
00:35 +27 -19: C:/Users/garyj/OneDrive/Desktop/SWEN661/Team4/Team-4-SWEN-661-Spring-2026/apps/mobile_flutter/test/pages/settings_emergency_interactions_test.dart: Settings + Emergency: interactions Emergency: cancel closes confirm sheet [E]
  Test failed. See exception logs above.
  The test description was: Emergency: cancel closes confirm sheet
  
00:35 +27 -19: C:/Users/garyj/OneDrive/Desktop/SWEN661/Team4/Team-4-SWEN-661-Spring-2026/apps/mobile_flutter/test/widget_test.dart: App boots
══╡ EXCEPTION CAUGHT BY FLUTTER TEST FRAMEWORK ╞════════════════════════════════════════════════════
The following TestFailure was thrown running a test:
Expected: exactly one matching candidate
  Actual: _TextWidgetFinder:<Found 0 widgets with text "Login": []>
   Which: means none were found but one was expected

When the exception was thrown, this was the stack:
#4      main.<anonymous closure> (file:///C:/Users/garyj/OneDrive/Desktop/SWEN661/Team4/Team-4-SWEN-661-Spring-2026/apps/mobile_flutter/test/widget_test.dart:8:5)
<asynchronous suspension>
#5      testWidgets.<anonymous closure>.<anonymous closure> (package:flutter_test/src/widget_tester.dart:192:15)
<asynchronous suspension>
#6      TestWidgetsFlutterBinding._runTestBody (package:flutter_test/src/binding.dart:1059:5)
<asynchronous suspension>
<asynchronous suspension>
(elided one frame from package:stack_trace)

This was caught by the test expectation on the following line:
  file:///C:/Users/garyj/OneDrive/Desktop/SWEN661/Team4/Team-4-SWEN-661-Spring-2026/apps/mobile_flutter/test/widget_test.dart line 8
The test description was:
  App boots
════════════════════════════════════════════════════════════════════════════════════════════════════
00:35 +27 -20: C:/Users/garyj/OneDrive/Desktop/SWEN661/Team4/Team-4-SWEN-661-Spring-2026/apps/mobile_flutter/test/widget_test.dart: App boots [E]
  Test failed. See exception logs above.
  The test description was: App boots
  
00:36 +27 -20: Some tests failed.
